#
# There is insufficient memory for the Java Runtime Environment to continue.
# Native memory allocation (malloc) failed to allocate 774816 bytes for Chunk::new
# Possible reasons:
#   The system is out of physical RAM or swap space
#   The process is running with CompressedOops enabled, and the Java Heap may be blocking the growth of the native heap
# Possible solutions:
#   Reduce memory load on the system
#   Increase physical memory or swap space
#   Check if swap backing store is full
#   Decrease Java heap size (-Xmx/-Xms)
#   Decrease number of Java threads
#   Decrease Java thread stack sizes (-Xss)
#   Set larger code cache with -XX:ReservedCodeCacheSize=
#   JVM is running with Unscaled Compressed Oops mode in which the Java heap is
#     placed in the first 4GB address space. The Java Heap base address is the
#     maximum limit for the native heap growth. Please use -XX:HeapBaseMinAddress
#     to set the Java Heap base and to place the Java Heap above 4GB virtual address.
# This output file may be truncated or incomplete.
#
#  Out of Memory Error (./src/hotspot/share/memory/arena.cpp:197), pid=9176, tid=15876
#
# JRE version: OpenJDK Runtime Environment (11.0.8+10) (build 11.0.8+10-b944.6842174)
# Java VM: OpenJDK 64-Bit Server VM (11.0.8+10-b944.6842174, mixed mode, tiered, compressed oops, g1 gc, windows-amd64)
# No core dump will be written. Minidumps are not enabled by default on client versions of Windows
#

---------------  S U M M A R Y ------------

Command Line: --add-opens=java.base/java.util=ALL-UNNAMED --add-opens=java.base/java.lang=ALL-UNNAMED --add-opens=java.base/java.lang.invoke=ALL-UNNAMED --add-opens=java.prefs/java.util.prefs=ALL-UNNAMED -Xmx2048m -Dfile.encoding=UTF-8 -Duser.country=US -Duser.language=en -Duser.variant org.gradle.launcher.daemon.bootstrap.GradleDaemon 6.7.1

Host: AMD Ryzen 5 3600X 6-Core Processor             , 12 cores, 7G,  Windows 10 , 64 bit Build 19041 (10.0.19041.1023)
Time: Thu Jul  8 18:21:15 2021 Bangladesh Standard Time elapsed time: 102 seconds (0d 0h 1m 42s)

---------------  T H R E A D  ---------------

Current thread (0x000002daf6eca000):  JavaThread "C2 CompilerThread0" daemon [_thread_in_native, id=15876, stack(0x000000e374800000,0x000000e374900000)]


Current CompileTask:
C2: 102423 23002       4       com.android.tools.r8.ir.optimize.k::k (621 bytes)

Stack: [0x000000e374800000,0x000000e374900000]
Native frames: (J=compiled Java code, j=interpreted, Vv=VM code, C=native code)
V  [jvm.dll+0x5de50a]
V  [jvm.dll+0x7122f5]
V  [jvm.dll+0x71384d]
V  [jvm.dll+0x713f03]
V  [jvm.dll+0x23e728]
V  [jvm.dll+0xb899c]
V  [jvm.dll+0xb8e9c]
V  [jvm.dll+0x2b20e4]
V  [jvm.dll+0x502098]
V  [jvm.dll+0x1f8cde]
V  [jvm.dll+0x1f685f]
V  [jvm.dll+0x17f32c]
V  [jvm.dll+0x205047]
V  [jvm.dll+0x203891]
V  [jvm.dll+0x6dad3f]
V  [jvm.dll+0x6d3895]
V  [jvm.dll+0x5dd4a6]
C  [ucrtbase.dll+0x21bb2]
C  [KERNEL32.DLL+0x17034]
C  [ntdll.dll+0x52651]


---------------  P R O C E S S  ---------------

Threads class SMR info:
_java_thread_list=0x000002daf7aa00b0, length=78, elements={
0x000002dadbf9b800, 0x000002daf6eaf000, 0x000002daf6eb0000, 0x000002daf6ec6800,
0x000002daf6ec8800, 0x000002daf6eca000, 0x000002daf6ecf000, 0x000002daf6ed3800,
0x000002daf78bf800, 0x000002daf78e1000, 0x000002daf8d2c800, 0x000002daf8b35800,
0x000002daf8aaa000, 0x000002daf90ab800, 0x000002daf8717000, 0x000002daf94df800,
0x000002daf952a000, 0x000002daf91dd000, 0x000002daf9437000, 0x000002daf952f000,
0x000002daf952e800, 0x000002daf952c000, 0x000002daf9532800, 0x000002daf9531800,
0x000002daf952c800, 0x000002daf9530000, 0x000002daf9531000, 0x000002dafdaf3800,
0x000002dafdaf7800, 0x000002dafdaf8000, 0x000002dafdaf9000, 0x000002dafdaf5000,
0x000002dafdafa000, 0x000002dafdaf4000, 0x000002dafdafb800, 0x000002dafdafa800,
0x000002dafdaf5800, 0x000002dafdafe000, 0x000002dafdafe800, 0x000002dafdaff800,
0x000002dafdb00800, 0x000002daf9f8a800, 0x000002daf9f88800, 0x000002daf9f8b000,
0x000002daf9f8c000, 0x000002daf9f89800, 0x000002daf9f8d000, 0x000002daf9f8d800,
0x000002daf9f88000, 0x000002daf9f92800, 0x000002daf9f8f800, 0x000002daf9f91000,
0x000002daf9f90000, 0x000002daf9f93800, 0x000002daf9f94000, 0x000002daf9f91800,
0x000002daf9f8e800, 0x000002daf9f95000, 0x000002daf9f96000, 0x000002dafd449000,
0x000002dafd448000, 0x000002dafd443000, 0x000002dafd446800, 0x000002dafd449800,
0x000002dafd445000, 0x000002dafd44b800, 0x000002dafd445800, 0x000002dafd44c000,
0x000002dafd447000, 0x000002dafd44d000, 0x000002dafd44f800, 0x000002dafd450000,
0x000002dafd452000, 0x000002dafd44e000, 0x000002dafd452800, 0x000002dafd44a800,
0x000002dafd44e800, 0x000002da82694000
}

Java Threads: ( => current thread )
  0x000002dadbf9b800 JavaThread "main" [_thread_blocked, id=7172, stack(0x000000e373d00000,0x000000e373e00000)]
  0x000002daf6eaf000 JavaThread "Reference Handler" daemon [_thread_blocked, id=17368, stack(0x000000e374400000,0x000000e374500000)]
  0x000002daf6eb0000 JavaThread "Finalizer" daemon [_thread_blocked, id=4380, stack(0x000000e374500000,0x000000e374600000)]
  0x000002daf6ec6800 JavaThread "Signal Dispatcher" daemon [_thread_blocked, id=15528, stack(0x000000e374600000,0x000000e374700000)]
  0x000002daf6ec8800 JavaThread "Attach Listener" daemon [_thread_blocked, id=13044, stack(0x000000e374700000,0x000000e374800000)]
=>0x000002daf6eca000 JavaThread "C2 CompilerThread0" daemon [_thread_in_native, id=15876, stack(0x000000e374800000,0x000000e374900000)]
  0x000002daf6ecf000 JavaThread "C1 CompilerThread0" daemon [_thread_blocked, id=18412, stack(0x000000e374900000,0x000000e374a00000)]
  0x000002daf6ed3800 JavaThread "Sweeper thread" daemon [_thread_blocked, id=4580, stack(0x000000e374a00000,0x000000e374b00000)]
  0x000002daf78bf800 JavaThread "Common-Cleaner" daemon [_thread_blocked, id=11388, stack(0x000000e374b00000,0x000000e374c00000)]
  0x000002daf78e1000 JavaThread "Service Thread" daemon [_thread_blocked, id=11320, stack(0x000000e374c00000,0x000000e374d00000)]
  0x000002daf8d2c800 JavaThread "Daemon health stats" [_thread_blocked, id=6912, stack(0x000000e375000000,0x000000e375100000)]
  0x000002daf8b35800 JavaThread "Incoming local TCP Connector on port 55495" [_thread_in_native, id=11304, stack(0x000000e375300000,0x000000e375400000)]
  0x000002daf8aaa000 JavaThread "Daemon periodic checks" [_thread_blocked, id=16520, stack(0x000000e375400000,0x000000e375500000)]
  0x000002daf90ab800 JavaThread "Daemon" [_thread_blocked, id=19368, stack(0x000000e375500000,0x000000e375600000)]
  0x000002daf8717000 JavaThread "Handler for socket connection from /127.0.0.1:55495 to /127.0.0.1:55496" [_thread_in_native, id=18692, stack(0x000000e375600000,0x000000e375700000)]
  0x000002daf94df800 JavaThread "Cancel handler" [_thread_blocked, id=15356, stack(0x000000e375700000,0x000000e375800000)]
  0x000002daf952a000 JavaThread "Daemon worker" [_thread_blocked, id=6064, stack(0x000000e375800000,0x000000e375900000)]
  0x000002daf91dd000 JavaThread "Asynchronous log dispatcher for DefaultDaemonConnection: socket connection from /127.0.0.1:55495 to /127.0.0.1:55496" [_thread_blocked, id=12384, stack(0x000000e375900000,0x000000e375a00000)]
  0x000002daf9437000 JavaThread "Thread-8" [_thread_blocked, id=5928, stack(0x000000e375b00000,0x000000e375c00000)]
  0x000002daf952f000 JavaThread "Cache worker for file hash cache (C:\Users\User\.gradle\caches\6.7.1\fileHashes)" [_thread_blocked, id=12724, stack(0x000000e376300000,0x000000e376400000)]
  0x000002daf952e800 JavaThread "File lock request listener" [_thread_in_native, id=5044, stack(0x000000e376400000,0x000000e376500000)]
  0x000002daf952c000 JavaThread "Cache worker for journal cache (C:\Users\User\.gradle\caches\journal-1)" [_thread_blocked, id=7676, stack(0x000000e376700000,0x000000e376800000)]
  0x000002daf9532800 JavaThread "Cache worker for file hash cache (F:\Course\Android\Android_GraphQl_Mvvm_SqliteRoom\.gradle\6.7.1\fileHashes)" [_thread_blocked, id=7072, stack(0x000000e376900000,0x000000e376a00000)]
  0x000002daf9531800 JavaThread "Cache worker for checksums cache (F:\Course\Android\Android_GraphQl_Mvvm_SqliteRoom\.gradle\checksums)" [_thread_blocked, id=15792, stack(0x000000e376a00000,0x000000e376b00000)]
  0x000002daf952c800 JavaThread "Cache worker for cache directory md-supplier (C:\Users\User\.gradle\caches\6.7.1\md-supplier)" [_thread_blocked, id=14020, stack(0x000000e376b00000,0x000000e376c00000)]
  0x000002daf9530000 JavaThread "Cache worker for cache directory md-rule (C:\Users\User\.gradle\caches\6.7.1\md-rule)" [_thread_blocked, id=19312, stack(0x000000e376c00000,0x000000e376d00000)]
  0x000002daf9531000 JavaThread "Cache worker for execution history cache (C:\Users\User\.gradle\caches\6.7.1\executionHistory)" [_thread_blocked, id=16240, stack(0x000000e376d00000,0x000000e376e00000)]
  0x000002dafdaf3800 JavaThread "Cache worker for file content cache (C:\Users\User\.gradle\caches\6.7.1\fileContent)" [_thread_blocked, id=16928, stack(0x000000e376e00000,0x000000e376f00000)]
  0x000002dafdaf7800 JavaThread "Cache worker for Build Output Cleanup Cache (F:\Course\Android\Android_GraphQl_Mvvm_SqliteRoom\.gradle\buildOutputCleanup)" [_thread_blocked, id=12472, stack(0x000000e377000000,0x000000e377100000)]
  0x000002dafdaf8000 JavaThread "Build operations" [_thread_blocked, id=9536, stack(0x000000e377100000,0x000000e377200000)]
  0x000002dafdaf9000 JavaThread "Build operations Thread 2" [_thread_blocked, id=18576, stack(0x000000e377200000,0x000000e377300000)]
  0x000002dafdaf5000 JavaThread "Build operations Thread 3" [_thread_blocked, id=13024, stack(0x000000e377300000,0x000000e377400000)]
  0x000002dafdafa000 JavaThread "Build operations Thread 4" [_thread_blocked, id=15292, stack(0x000000e377400000,0x000000e377500000)]
  0x000002dafdaf4000 JavaThread "Build operations Thread 5" [_thread_blocked, id=15832, stack(0x000000e377500000,0x000000e377600000)]
  0x000002dafdafb800 JavaThread "Build operations Thread 6" [_thread_blocked, id=13104, stack(0x000000e377600000,0x000000e377700000)]
  0x000002dafdafa800 JavaThread "Build operations Thread 7" [_thread_blocked, id=12900, stack(0x000000e377700000,0x000000e377800000)]
  0x000002dafdaf5800 JavaThread "Build operations Thread 8" [_thread_blocked, id=3588, stack(0x000000e377800000,0x000000e377900000)]
  0x000002dafdafe000 JavaThread "Build operations Thread 9" [_thread_blocked, id=2380, stack(0x000000e377900000,0x000000e377a00000)]
  0x000002dafdafe800 JavaThread "Build operations Thread 10" [_thread_blocked, id=5012, stack(0x000000e377a00000,0x000000e377b00000)]
  0x000002dafdaff800 JavaThread "Build operations Thread 11" [_thread_blocked, id=6748, stack(0x000000e377b00000,0x000000e377c00000)]
  0x000002dafdb00800 JavaThread "Build operations Thread 12" [_thread_blocked, id=14540, stack(0x000000e377c00000,0x000000e377d00000)]
  0x000002daf9f8a800 JavaThread "Memory manager" [_thread_blocked, id=6712, stack(0x000000e376f00000,0x000000e377000000)]
  0x000002daf9f88800 JavaThread "build event listener" [_thread_blocked, id=8836, stack(0x000000e37f400000,0x000000e37f500000)]
  0x000002daf9f8b000 JavaThread "build event listener" [_thread_blocked, id=10232, stack(0x000000e37f500000,0x000000e37f600000)]
  0x000002daf9f8c000 JavaThread "Execution worker for ':'" [_thread_blocked, id=16848, stack(0x000000e37f600000,0x000000e37f700000)]
  0x000002daf9f89800 JavaThread "Execution worker for ':' Thread 2" [_thread_blocked, id=11908, stack(0x000000e37f700000,0x000000e37f800000)]
  0x000002daf9f8d000 JavaThread "Execution worker for ':' Thread 3" [_thread_blocked, id=13576, stack(0x000000e37f800000,0x000000e37f900000)]
  0x000002daf9f8d800 JavaThread "Execution worker for ':' Thread 4" [_thread_blocked, id=6824, stack(0x000000e37f900000,0x000000e37fa00000)]
  0x000002daf9f88000 JavaThread "Execution worker for ':' Thread 5" [_thread_blocked, id=4920, stack(0x000000e37fa00000,0x000000e37fb00000)]
  0x000002daf9f92800 JavaThread "Execution worker for ':' Thread 6" [_thread_blocked, id=11788, stack(0x000000e37fb00000,0x000000e37fc00000)]
  0x000002daf9f8f800 JavaThread "Execution worker for ':' Thread 7" [_thread_blocked, id=16620, stack(0x000000e37fc00000,0x000000e37fd00000)]
  0x000002daf9f91000 JavaThread "Execution worker for ':' Thread 8" [_thread_blocked, id=10288, stack(0x000000e37fd00000,0x000000e37fe00000)]
  0x000002daf9f90000 JavaThread "Execution worker for ':' Thread 9" [_thread_blocked, id=17784, stack(0x000000e37fe00000,0x000000e37ff00000)]
  0x000002daf9f93800 JavaThread "Execution worker for ':' Thread 10" [_thread_blocked, id=11948, stack(0x000000e37ff00000,0x000000e380000000)]
  0x000002daf9f94000 JavaThread "Execution worker for ':' Thread 11" [_thread_blocked, id=13776, stack(0x000000e300000000,0x000000e300100000)]
  0x000002daf9f91800 JavaThread "Cache worker for execution history cache (F:\Course\Android\Android_GraphQl_Mvvm_SqliteRoom\.gradle\6.7.1\executionHistory)" [_thread_blocked, id=13704, stack(0x000000e300100000,0x000000e300200000)]
  0x000002daf9f8e800 JavaThread "WorkerExecutor Queue" [_thread_blocked, id=12960, stack(0x000000e300200000,0x000000e300300000)]
  0x000002daf9f95000 JavaThread "WorkerExecutor Queue Thread 2" [_thread_blocked, id=15096, stack(0x000000e300300000,0x000000e300400000)]
  0x000002daf9f96000 JavaThread "WorkerExecutor Queue Thread 3" [_thread_blocked, id=4292, stack(0x000000e300400000,0x000000e300500000)]
  0x000002dafd449000 JavaThread "WorkerExecutor Queue Thread 5" [_thread_blocked, id=10248, stack(0x000000e300600000,0x000000e300700000)]
  0x000002dafd448000 JavaThread "WorkerExecutor Queue Thread 7" [_thread_blocked, id=3036, stack(0x000000e300800000,0x000000e300900000)]
  0x000002dafd443000 JavaThread "WorkerExecutor Queue Thread 9" [_thread_blocked, id=9720, stack(0x000000e300a00000,0x000000e300b00000)]
  0x000002dafd446800 JavaThread "Java2D Disposer" daemon [_thread_blocked, id=6900, stack(0x000000e300b00000,0x000000e300c00000)]
  0x000002dafd449800 JavaThread "WorkerExecutor Queue Thread 10" [_thread_blocked, id=15660, stack(0x000000e300c00000,0x000000e300d00000)]
  0x000002dafd445000 JavaThread "WorkerExecutor Queue Thread 12" [_thread_blocked, id=6588, stack(0x000000e300e00000,0x000000e300f00000)]
  0x000002dafd44b800 JavaThread "pool-4-thread-1" [_thread_blocked, id=4936, stack(0x000000e300f00000,0x000000e301000000)]
  0x000002dafd445800 JavaThread "stderr" [_thread_in_native, id=18496, stack(0x000000e300700000,0x000000e300800000)]
  0x000002dafd44c000 JavaThread "stdout" [_thread_in_native, id=9984, stack(0x000000e301000000,0x000000e301100000)]
  0x000002dafd447000 JavaThread "RMI Scheduler(0)" daemon [_thread_blocked, id=8404, stack(0x000000e301100000,0x000000e301200000)]
  0x000002dafd44d000 JavaThread "RMI GC Daemon" daemon [_thread_blocked, id=3372, stack(0x000000e301300000,0x000000e301400000)]
  0x000002dafd44f800 JavaThread "RMI TCP Accept-0" daemon [_thread_in_native, id=5036, stack(0x000000e301400000,0x000000e301500000)]
  0x000002dafd450000 JavaThread "RMI Reaper" [_thread_blocked, id=15272, stack(0x000000e301500000,0x000000e301600000)]
  0x000002dafd452000 JavaThread "RMI TCP Connection(idle)" daemon [_thread_blocked, id=4192, stack(0x000000e301600000,0x000000e301700000)]
  0x000002dafd44e000 JavaThread "WorkerExecutor Queue Thread 13" [_thread_blocked, id=14204, stack(0x000000e301800000,0x000000e301900000)]
  0x000002dafd452800 JavaThread "RMI TCP Connection(idle)" daemon [_thread_blocked, id=19164, stack(0x000000e301200000,0x000000e301300000)]
  0x000002dafd44a800 JavaThread "Cache worker for Java compile cache (C:\Users\User\.gradle\caches\6.7.1\javaCompile)" [_thread_blocked, id=6940, stack(0x000000e301700000,0x000000e301800000)]
  0x000002dafd44e800 JavaThread "Cache worker for Java compile cache (F:\Course\Android\Android_GraphQl_Mvvm_SqliteRoom\.gradle\6.7.1\javaCompile)" [_thread_blocked, id=7324, stack(0x000000e301900000,0x000000e301a00000)]
  0x000002da82694000 JavaThread "C2 CompilerThread1" daemon [_thread_in_native, id=7480, stack(0x000000e300500000,0x000000e300600000)]

Other Threads:
  0x000002daf6eaa000 VMThread "VM Thread" [stack: 0x000000e374300000,0x000000e374400000] [id=1732]
  0x000002daf78ee000 WatcherThread [stack: 0x000000e374d00000,0x000000e374e00000] [id=1976]
  0x000002dadbfb3000 GCTaskThread "GC Thread#0" [stack: 0x000000e373e00000,0x000000e373f00000] [id=11024]
  0x000002daf8210000 GCTaskThread "GC Thread#1" [stack: 0x000000e374e00000,0x000000e374f00000] [id=19084]
  0x000002daf831e000 GCTaskThread "GC Thread#2" [stack: 0x000000e374f00000,0x000000e375000000] [id=3524]
  0x000002daf9501000 GCTaskThread "GC Thread#3" [stack: 0x000000e375c00000,0x000000e375d00000] [id=8680]
  0x000002daf9933000 GCTaskThread "GC Thread#4" [stack: 0x000000e375d00000,0x000000e375e00000] [id=18052]
  0x000002daf9934000 GCTaskThread "GC Thread#5" [stack: 0x000000e375e00000,0x000000e375f00000] [id=4208]
  0x000002daf9668800 GCTaskThread "GC Thread#6" [stack: 0x000000e375f00000,0x000000e376000000] [id=3236]
  0x000002daf9521000 GCTaskThread "GC Thread#7" [stack: 0x000000e376000000,0x000000e376100000] [id=16852]
  0x000002daf90a7800 GCTaskThread "GC Thread#8" [stack: 0x000000e376100000,0x000000e376200000] [id=2400]
  0x000002daf90a8000 GCTaskThread "GC Thread#9" [stack: 0x000000e376200000,0x000000e376300000] [id=14976]
  0x000002dadbfe4800 ConcurrentGCThread "G1 Main Marker" [stack: 0x000000e373f00000,0x000000e374000000] [id=4336]
  0x000002dadbfe6000 ConcurrentGCThread "G1 Conc#0" [stack: 0x000000e374000000,0x000000e374100000] [id=15052]
  0x000002daf960d800 ConcurrentGCThread "G1 Conc#1" [stack: 0x000000e376500000,0x000000e376600000] [id=15224]
  0x000002daf996f000 ConcurrentGCThread "G1 Conc#2" [stack: 0x000000e376600000,0x000000e376700000] [id=15440]
  0x000002dadc07e800 ConcurrentGCThread "G1 Refine#0" [stack: 0x000000e374100000,0x000000e374200000] [id=7004]
  0x000002daf6d02800 ConcurrentGCThread "G1 Young RemSet Sampling" [stack: 0x000000e374200000,0x000000e374300000] [id=6520]

Threads with active compile tasks:
C2 CompilerThread0 104525 23002       4       com.android.tools.r8.ir.optimize.k::k (621 bytes)
C1 CompilerThread0 104525 23199       2       com.android.tools.r8.ir.regalloc.a::a (1824 bytes)
C2 CompilerThread1 104525 22679       4       com.android.tools.r8.v.b.Z0::a (455 bytes)

VM state:at safepoint (normal execution)

VM Mutex/Monitor currently owned by a thread:  ([mutex/lock_event])
[0x000002dadbf984a0] Threads_lock - owner thread: 0x000002daf6eaa000
[0x000002dadbf97c30] Heap_lock - owner thread: 0x000002dafdafa000

OutOfMemory and StackOverflow Exception counts:
OutOfMemoryError java_heap_errors=7
LinkageErrors=250

Heap address: 0x0000000080000000, size: 2048 MB, Compressed Oops mode: 32-bit
Narrow klass base: 0x0000000000000000, Narrow klass shift: 3
Compressed class space size: 1073741824 Address: 0x0000000100000000

Heap:
 garbage-first heap   total 1041408K, used 244736K [0x0000000080000000, 0x0000000100000000)
  region size 1024K, 7 young (7168K), 7 survivors (7168K)
 Metaspace       used 136446K, capacity 139892K, committed 142668K, reserved 1173504K
  class space    used 16719K, capacity 17992K, committed 19072K, reserved 1048576K
Heap Regions: E=young(eden), S=young(survivor), O=old, HS=humongous(starts), HC=humongous(continues), CS=collection set, F=free, A=archive, TAMS=top-at-mark-start (previous, next)
|   0|0x0000000080000000, 0x0000000080100000, 0x0000000080100000|100%| O|  |TAMS 0x0000000080100000, 0x0000000080100000| Untracked 
|   1|0x0000000080100000, 0x0000000080200000, 0x0000000080200000|100%| O|  |TAMS 0x0000000080200000, 0x0000000080200000| Untracked 
|   2|0x0000000080200000, 0x0000000080300000, 0x0000000080300000|100%| O|  |TAMS 0x0000000080300000, 0x0000000080300000| Untracked 
|   3|0x0000000080300000, 0x0000000080400000, 0x0000000080400000|100%|HS|  |TAMS 0x0000000080400000, 0x0000000080400000| Complete 
|   4|0x0000000080400000, 0x0000000080500000, 0x0000000080500000|100%|HC|  |TAMS 0x0000000080500000, 0x0000000080500000| Complete 
|   5|0x0000000080500000, 0x0000000080600000, 0x0000000080600000|100%|HC|  |TAMS 0x0000000080600000, 0x0000000080600000| Complete 
|   6|0x0000000080600000, 0x0000000080700000, 0x0000000080700000|100%| O|  |TAMS 0x0000000080700000, 0x0000000080700000| Untracked 
|   7|0x0000000080700000, 0x0000000080800000, 0x0000000080800000|100%| O|  |TAMS 0x0000000080800000, 0x0000000080800000| Untracked 
|   8|0x0000000080800000, 0x0000000080900000, 0x0000000080900000|100%| O|  |TAMS 0x0000000080900000, 0x0000000080900000| Untracked 
|   9|0x0000000080900000, 0x0000000080a00000, 0x0000000080a00000|100%| O|  |TAMS 0x0000000080a00000, 0x0000000080a00000| Untracked 
|  10|0x0000000080a00000, 0x0000000080b00000, 0x0000000080b00000|100%| O|  |TAMS 0x0000000080b00000, 0x0000000080b00000| Untracked 
|  11|0x0000000080b00000, 0x0000000080c00000, 0x0000000080c00000|100%| O|  |TAMS 0x0000000080c00000, 0x0000000080c00000| Untracked 
|  12|0x0000000080c00000, 0x0000000080d00000, 0x0000000080d00000|100%| O|  |TAMS 0x0000000080d00000, 0x0000000080d00000| Untracked 
|  13|0x0000000080d00000, 0x0000000080e00000, 0x0000000080e00000|100%| O|  |TAMS 0x0000000080e00000, 0x0000000080e00000| Untracked 
|  14|0x0000000080e00000, 0x0000000080f00000, 0x0000000080f00000|100%| O|  |TAMS 0x0000000080f00000, 0x0000000080f00000| Untracked 
|  15|0x0000000080f00000, 0x0000000081000000, 0x0000000081000000|100%| O|  |TAMS 0x0000000081000000, 0x0000000081000000| Untracked 
|  16|0x0000000081000000, 0x0000000081100000, 0x0000000081100000|100%| O|  |TAMS 0x0000000081100000, 0x0000000081100000| Untracked 
|  17|0x0000000081100000, 0x0000000081200000, 0x0000000081200000|100%| O|  |TAMS 0x0000000081200000, 0x0000000081200000| Untracked 
|  18|0x0000000081200000, 0x0000000081300000, 0x0000000081300000|100%| O|  |TAMS 0x0000000081300000, 0x0000000081300000| Untracked 
|  19|0x0000000081300000, 0x0000000081400000, 0x0000000081400000|100%|HS|  |TAMS 0x0000000081400000, 0x0000000081400000| Complete 
|  20|0x0000000081400000, 0x0000000081500000, 0x0000000081500000|100%| O|  |TAMS 0x0000000081500000, 0x0000000081500000| Untracked 
|  21|0x0000000081500000, 0x0000000081600000, 0x0000000081600000|100%| O|  |TAMS 0x0000000081600000, 0x0000000081600000| Untracked 
|  22|0x0000000081600000, 0x0000000081700000, 0x0000000081700000|100%|HS|  |TAMS 0x0000000081700000, 0x0000000081700000| Complete 
|  23|0x0000000081700000, 0x0000000081800000, 0x0000000081800000|100%|HC|  |TAMS 0x0000000081800000, 0x0000000081800000| Complete 
|  24|0x0000000081800000, 0x0000000081900000, 0x0000000081900000|100%|HC|  |TAMS 0x0000000081900000, 0x0000000081900000| Complete 
|  25|0x0000000081900000, 0x0000000081a00000, 0x0000000081a00000|100%|HS|  |TAMS 0x0000000081a00000, 0x0000000081a00000| Complete 
|  26|0x0000000081a00000, 0x0000000081b00000, 0x0000000081b00000|100%|HC|  |TAMS 0x0000000081b00000, 0x0000000081b00000| Complete 
|  27|0x0000000081b00000, 0x0000000081c00000, 0x0000000081c00000|100%| O|  |TAMS 0x0000000081c00000, 0x0000000081c00000| Untracked 
|  28|0x0000000081c00000, 0x0000000081d00000, 0x0000000081d00000|100%| O|  |TAMS 0x0000000081d00000, 0x0000000081d00000| Untracked 
|  29|0x0000000081d00000, 0x0000000081e00000, 0x0000000081e00000|100%| O|  |TAMS 0x0000000081e00000, 0x0000000081e00000| Untracked 
|  30|0x0000000081e00000, 0x0000000081f00000, 0x0000000081f00000|100%| O|  |TAMS 0x0000000081f00000, 0x0000000081f00000| Untracked 
|  31|0x0000000081f00000, 0x0000000082000000, 0x0000000082000000|100%| O|  |TAMS 0x0000000082000000, 0x0000000082000000| Untracked 
|  32|0x0000000082000000, 0x0000000082100000, 0x0000000082100000|100%| O|  |TAMS 0x0000000082100000, 0x0000000082100000| Untracked 
|  33|0x0000000082100000, 0x0000000082200000, 0x0000000082200000|100%| O|  |TAMS 0x0000000082200000, 0x0000000082200000| Untracked 
|  34|0x0000000082200000, 0x0000000082300000, 0x0000000082300000|100%| O|  |TAMS 0x0000000082300000, 0x0000000082300000| Untracked 
|  35|0x0000000082300000, 0x0000000082400000, 0x0000000082400000|100%| O|  |TAMS 0x0000000082400000, 0x0000000082400000| Untracked 
|  36|0x0000000082400000, 0x0000000082500000, 0x0000000082500000|100%| O|  |TAMS 0x0000000082500000, 0x0000000082500000| Untracked 
|  37|0x0000000082500000, 0x0000000082600000, 0x0000000082600000|100%| O|  |TAMS 0x0000000082600000, 0x0000000082600000| Untracked 
|  38|0x0000000082600000, 0x0000000082700000, 0x0000000082700000|100%| O|  |TAMS 0x0000000082700000, 0x0000000082700000| Untracked 
|  39|0x0000000082700000, 0x0000000082800000, 0x0000000082800000|100%| O|  |TAMS 0x0000000082800000, 0x0000000082800000| Untracked 
|  40|0x0000000082800000, 0x0000000082900000, 0x0000000082900000|100%| O|  |TAMS 0x0000000082900000, 0x0000000082900000| Untracked 
|  41|0x0000000082900000, 0x0000000082a00000, 0x0000000082a00000|100%| O|  |TAMS 0x0000000082a00000, 0x0000000082a00000| Untracked 
|  42|0x0000000082a00000, 0x0000000082b00000, 0x0000000082b00000|100%| O|  |TAMS 0x0000000082b00000, 0x0000000082b00000| Untracked 
|  43|0x0000000082b00000, 0x0000000082c00000, 0x0000000082c00000|100%| O|  |TAMS 0x0000000082c00000, 0x0000000082c00000| Untracked 
|  44|0x0000000082c00000, 0x0000000082d00000, 0x0000000082d00000|100%| O|  |TAMS 0x0000000082d00000, 0x0000000082d00000| Untracked 
|  45|0x0000000082d00000, 0x0000000082e00000, 0x0000000082e00000|100%| O|  |TAMS 0x0000000082e00000, 0x0000000082e00000| Untracked 
|  46|0x0000000082e00000, 0x0000000082f00000, 0x0000000082f00000|100%| O|  |TAMS 0x0000000082f00000, 0x0000000082f00000| Untracked 
|  47|0x0000000082f00000, 0x0000000083000000, 0x0000000083000000|100%| O|  |TAMS 0x0000000083000000, 0x0000000083000000| Untracked 
|  48|0x0000000083000000, 0x0000000083100000, 0x0000000083100000|100%| O|  |TAMS 0x0000000083100000, 0x0000000083100000| Untracked 
|  49|0x0000000083100000, 0x0000000083200000, 0x0000000083200000|100%| O|  |TAMS 0x0000000083200000, 0x0000000083200000| Untracked 
|  50|0x0000000083200000, 0x0000000083300000, 0x0000000083300000|100%| O|  |TAMS 0x0000000083300000, 0x0000000083300000| Untracked 
|  51|0x0000000083300000, 0x0000000083400000, 0x0000000083400000|100%| O|  |TAMS 0x0000000083400000, 0x0000000083400000| Untracked 
|  52|0x0000000083400000, 0x0000000083500000, 0x0000000083500000|100%| O|  |TAMS 0x0000000083500000, 0x0000000083500000| Untracked 
|  53|0x0000000083500000, 0x0000000083600000, 0x0000000083600000|100%| O|  |TAMS 0x0000000083600000, 0x0000000083600000| Untracked 
|  54|0x0000000083600000, 0x0000000083700000, 0x0000000083700000|100%| O|  |TAMS 0x0000000083700000, 0x0000000083700000| Untracked 
|  55|0x0000000083700000, 0x0000000083800000, 0x0000000083800000|100%| O|  |TAMS 0x0000000083800000, 0x0000000083800000| Untracked 
|  56|0x0000000083800000, 0x0000000083900000, 0x0000000083900000|100%| O|  |TAMS 0x0000000083900000, 0x0000000083900000| Untracked 
|  57|0x0000000083900000, 0x0000000083a00000, 0x0000000083a00000|100%| O|  |TAMS 0x0000000083a00000, 0x0000000083a00000| Untracked 
|  58|0x0000000083a00000, 0x0000000083b00000, 0x0000000083b00000|100%| O|  |TAMS 0x0000000083b00000, 0x0000000083b00000| Untracked 
|  59|0x0000000083b00000, 0x0000000083c00000, 0x0000000083c00000|100%| O|  |TAMS 0x0000000083c00000, 0x0000000083c00000| Untracked 
|  60|0x0000000083c00000, 0x0000000083d00000, 0x0000000083d00000|100%| O|  |TAMS 0x0000000083d00000, 0x0000000083d00000| Untracked 
|  61|0x0000000083d00000, 0x0000000083e00000, 0x0000000083e00000|100%| O|  |TAMS 0x0000000083e00000, 0x0000000083e00000| Untracked 
|  62|0x0000000083e00000, 0x0000000083f00000, 0x0000000083f00000|100%| O|  |TAMS 0x0000000083f00000, 0x0000000083f00000| Untracked 
|  63|0x0000000083f00000, 0x0000000084000000, 0x0000000084000000|100%| O|  |TAMS 0x0000000084000000, 0x0000000084000000| Untracked 
|  64|0x0000000084000000, 0x0000000084100000, 0x0000000084100000|100%| O|  |TAMS 0x0000000084100000, 0x0000000084100000| Untracked 
|  65|0x0000000084100000, 0x0000000084200000, 0x0000000084200000|100%| O|  |TAMS 0x0000000084200000, 0x0000000084200000| Untracked 
|  66|0x0000000084200000, 0x0000000084300000, 0x0000000084300000|100%| O|  |TAMS 0x0000000084300000, 0x0000000084300000| Untracked 
|  67|0x0000000084300000, 0x0000000084400000, 0x0000000084400000|100%| O|  |TAMS 0x0000000084400000, 0x0000000084400000| Untracked 
|  68|0x0000000084400000, 0x0000000084500000, 0x0000000084500000|100%| O|  |TAMS 0x0000000084500000, 0x0000000084500000| Untracked 
|  69|0x0000000084500000, 0x0000000084600000, 0x0000000084600000|100%| O|  |TAMS 0x0000000084600000, 0x0000000084600000| Untracked 
|  70|0x0000000084600000, 0x0000000084700000, 0x0000000084700000|100%| O|  |TAMS 0x0000000084600000, 0x0000000084700000| Untracked 
|  71|0x0000000084700000, 0x0000000084800000, 0x0000000084800000|100%| O|  |TAMS 0x0000000084700000, 0x0000000084800000| Untracked 
|  72|0x0000000084800000, 0x0000000084900000, 0x0000000084900000|100%| O|  |TAMS 0x0000000084900000, 0x0000000084900000| Untracked 
|  73|0x0000000084900000, 0x0000000084a00000, 0x0000000084a00000|100%| O|  |TAMS 0x0000000084a00000, 0x0000000084a00000| Untracked 
|  74|0x0000000084a00000, 0x0000000084b00000, 0x0000000084b00000|100%| O|  |TAMS 0x0000000084b00000, 0x0000000084b00000| Untracked 
|  75|0x0000000084b00000, 0x0000000084c00000, 0x0000000084c00000|100%| O|  |TAMS 0x0000000084c00000, 0x0000000084c00000| Untracked 
|  76|0x0000000084c00000, 0x0000000084d00000, 0x0000000084d00000|100%| O|  |TAMS 0x0000000084d00000, 0x0000000084d00000| Untracked 
|  77|0x0000000084d00000, 0x0000000084e00000, 0x0000000084e00000|100%| O|  |TAMS 0x0000000084e00000, 0x0000000084e00000| Untracked 
|  78|0x0000000084e00000, 0x0000000084f00000, 0x0000000084f00000|100%| O|  |TAMS 0x0000000084f00000, 0x0000000084f00000| Untracked 
|  79|0x0000000084f00000, 0x0000000085000000, 0x0000000085000000|100%| O|  |TAMS 0x0000000085000000, 0x0000000085000000| Untracked 
|  80|0x0000000085000000, 0x0000000085100000, 0x0000000085100000|100%| O|  |TAMS 0x0000000085100000, 0x0000000085100000| Untracked 
|  81|0x0000000085100000, 0x0000000085200000, 0x0000000085200000|100%| O|  |TAMS 0x0000000085200000, 0x0000000085200000| Untracked 
|  82|0x0000000085200000, 0x0000000085300000, 0x0000000085300000|100%|HS|  |TAMS 0x0000000085300000, 0x0000000085300000| Complete 
|  83|0x0000000085300000, 0x0000000085400000, 0x0000000085400000|100%|HC|  |TAMS 0x0000000085400000, 0x0000000085400000| Complete 
|  84|0x0000000085400000, 0x0000000085500000, 0x0000000085500000|100%|HC|  |TAMS 0x0000000085500000, 0x0000000085500000| Complete 
|  85|0x0000000085500000, 0x0000000085600000, 0x0000000085600000|100%| O|  |TAMS 0x0000000085600000, 0x0000000085600000| Untracked 
|  86|0x0000000085600000, 0x0000000085700000, 0x0000000085700000|100%| O|  |TAMS 0x0000000085700000, 0x0000000085700000| Untracked 
|  87|0x0000000085700000, 0x0000000085800000, 0x0000000085800000|100%|HS|  |TAMS 0x0000000085800000, 0x0000000085800000| Complete 
|  88|0x0000000085800000, 0x0000000085900000, 0x0000000085900000|100%| O|  |TAMS 0x0000000085900000, 0x0000000085900000| Untracked 
|  89|0x0000000085900000, 0x0000000085a00000, 0x0000000085a00000|100%| O|  |TAMS 0x0000000085a00000, 0x0000000085a00000| Untracked 
|  90|0x0000000085a00000, 0x0000000085b00000, 0x0000000085b00000|100%| O|  |TAMS 0x0000000085a00000, 0x0000000085b00000| Untracked 
|  91|0x0000000085b00000, 0x0000000085c00000, 0x0000000085c00000|100%| O|  |TAMS 0x0000000085b00000, 0x0000000085c00000| Untracked 
|  92|0x0000000085c00000, 0x0000000085d00000, 0x0000000085d00000|100%| O|  |TAMS 0x0000000085c00000, 0x0000000085d00000| Untracked 
|  93|0x0000000085d00000, 0x0000000085e00000, 0x0000000085e00000|100%| O|  |TAMS 0x0000000085e00000, 0x0000000085e00000| Untracked 
|  94|0x0000000085e00000, 0x0000000085f00000, 0x0000000085f00000|100%| O|  |TAMS 0x0000000085f00000, 0x0000000085f00000| Untracked 
|  95|0x0000000085f00000, 0x0000000086000000, 0x0000000086000000|100%| O|  |TAMS 0x0000000086000000, 0x0000000086000000| Untracked 
|  96|0x0000000086000000, 0x0000000086100000, 0x0000000086100000|100%| O|  |TAMS 0x0000000086100000, 0x0000000086100000| Untracked 
|  97|0x0000000086100000, 0x0000000086200000, 0x0000000086200000|100%| O|  |TAMS 0x0000000086200000, 0x0000000086200000| Untracked 
|  98|0x0000000086200000, 0x0000000086300000, 0x0000000086300000|100%| O|  |TAMS 0x0000000086300000, 0x0000000086300000| Untracked 
|  99|0x0000000086300000, 0x0000000086400000, 0x0000000086400000|100%| O|  |TAMS 0x0000000086400000, 0x0000000086400000| Untracked 
| 100|0x0000000086400000, 0x0000000086500000, 0x0000000086500000|100%| O|  |TAMS 0x0000000086500000, 0x0000000086500000| Untracked 
| 101|0x0000000086500000, 0x0000000086600000, 0x0000000086600000|100%| O|  |TAMS 0x0000000086500000, 0x0000000086600000| Untracked 
| 102|0x0000000086600000, 0x0000000086700000, 0x0000000086700000|100%| O|  |TAMS 0x0000000086700000, 0x0000000086700000| Untracked 
| 103|0x0000000086700000, 0x0000000086800000, 0x0000000086800000|100%| O|  |TAMS 0x0000000086800000, 0x0000000086800000| Untracked 
| 104|0x0000000086800000, 0x0000000086900000, 0x0000000086900000|100%| O|  |TAMS 0x0000000086900000, 0x0000000086900000| Untracked 
| 105|0x0000000086900000, 0x0000000086a00000, 0x0000000086a00000|100%| O|  |TAMS 0x0000000086900000, 0x0000000086a00000| Untracked 
| 106|0x0000000086a00000, 0x0000000086b00000, 0x0000000086b00000|100%| O|  |TAMS 0x0000000086b00000, 0x0000000086b00000| Untracked 
| 107|0x0000000086b00000, 0x0000000086c00000, 0x0000000086c00000|100%| O|  |TAMS 0x0000000086c00000, 0x0000000086c00000| Untracked 
| 108|0x0000000086c00000, 0x0000000086d00000, 0x0000000086d00000|100%| O|  |TAMS 0x0000000086d00000, 0x0000000086d00000| Untracked 
| 109|0x0000000086d00000, 0x0000000086e00000, 0x0000000086e00000|100%| O|  |TAMS 0x0000000086d00000, 0x0000000086e00000| Untracked 
| 110|0x0000000086e00000, 0x0000000086f00000, 0x0000000086f00000|100%| O|  |TAMS 0x0000000086e00000, 0x0000000086f00000| Untracked 
| 111|0x0000000086f00000, 0x0000000087000000, 0x0000000087000000|100%| O|  |TAMS 0x0000000087000000, 0x0000000087000000| Untracked 
| 112|0x0000000087000000, 0x0000000087100000, 0x0000000087100000|100%| O|  |TAMS 0x0000000087100000, 0x0000000087100000| Untracked 
| 113|0x0000000087100000, 0x0000000087200000, 0x0000000087200000|100%| O|  |TAMS 0x0000000087200000, 0x0000000087200000| Untracked 
| 114|0x0000000087200000, 0x0000000087300000, 0x0000000087300000|100%| O|  |TAMS 0x0000000087200000, 0x0000000087300000| Untracked 
| 115|0x0000000087300000, 0x0000000087400000, 0x0000000087400000|100%| O|  |TAMS 0x0000000087300000, 0x0000000087400000| Untracked 
| 116|0x0000000087400000, 0x0000000087500000, 0x0000000087500000|100%| O|  |TAMS 0x0000000087400000, 0x0000000087500000| Untracked 
| 117|0x0000000087500000, 0x0000000087600000, 0x0000000087600000|100%| O|  |TAMS 0x0000000087500000, 0x0000000087600000| Untracked 
| 118|0x0000000087600000, 0x0000000087700000, 0x0000000087700000|100%| O|  |TAMS 0x0000000087600000, 0x0000000087700000| Untracked 
| 119|0x0000000087700000, 0x0000000087800000, 0x0000000087800000|100%| O|  |TAMS 0x0000000087700000, 0x0000000087800000| Untracked 
| 120|0x0000000087800000, 0x0000000087900000, 0x0000000087900000|100%| O|  |TAMS 0x0000000087800000, 0x0000000087900000| Untracked 
| 121|0x0000000087900000, 0x0000000087a00000, 0x0000000087a00000|100%| O|  |TAMS 0x0000000087a00000, 0x0000000087a00000| Untracked 
| 122|0x0000000087a00000, 0x0000000087b00000, 0x0000000087b00000|100%| O|  |TAMS 0x0000000087a00000, 0x0000000087b00000| Untracked 
| 123|0x0000000087b00000, 0x0000000087c00000, 0x0000000087c00000|100%| O|  |TAMS 0x0000000087b00000, 0x0000000087c00000| Untracked 
| 124|0x0000000087c00000, 0x0000000087d00000, 0x0000000087d00000|100%| O|  |TAMS 0x0000000087c00000, 0x0000000087d00000| Untracked 
| 125|0x0000000087d00000, 0x0000000087e00000, 0x0000000087e00000|100%| O|  |TAMS 0x0000000087d00000, 0x0000000087e00000| Untracked 
| 126|0x0000000087e00000, 0x0000000087f00000, 0x0000000087f00000|100%| O|  |TAMS 0x0000000087e00000, 0x0000000087f00000| Untracked 
| 127|0x0000000087f00000, 0x0000000088000000, 0x0000000088000000|100%| O|  |TAMS 0x0000000087f00000, 0x0000000088000000| Untracked 
| 128|0x0000000088000000, 0x0000000088100000, 0x0000000088100000|100%|HS|  |TAMS 0x0000000088100000, 0x0000000088100000| Complete 
| 129|0x0000000088100000, 0x0000000088200000, 0x0000000088200000|100%|HC|  |TAMS 0x0000000088200000, 0x0000000088200000| Complete 
| 130|0x0000000088200000, 0x0000000088300000, 0x0000000088300000|100%| O|  |TAMS 0x0000000088300000, 0x0000000088300000| Untracked 
| 131|0x0000000088300000, 0x0000000088400000, 0x0000000088400000|100%| O|  |TAMS 0x0000000088400000, 0x0000000088400000| Untracked 
| 132|0x0000000088400000, 0x0000000088500000, 0x0000000088500000|100%| O|  |TAMS 0x0000000088500000, 0x0000000088500000| Untracked 
| 133|0x0000000088500000, 0x0000000088600000, 0x0000000088600000|100%| O|  |TAMS 0x0000000088600000, 0x0000000088600000| Untracked 
| 134|0x0000000088600000, 0x0000000088700000, 0x0000000088700000|100%| O|  |TAMS 0x0000000088700000, 0x0000000088700000| Untracked 
| 135|0x0000000088700000, 0x0000000088800000, 0x0000000088800000|100%| O|  |TAMS 0x0000000088700000, 0x0000000088800000| Untracked 
| 136|0x0000000088800000, 0x0000000088900000, 0x0000000088900000|100%| O|  |TAMS 0x0000000088900000, 0x0000000088900000| Untracked 
| 137|0x0000000088900000, 0x0000000088a00000, 0x0000000088a00000|100%| O|  |TAMS 0x0000000088a00000, 0x0000000088a00000| Untracked 
| 138|0x0000000088a00000, 0x0000000088b00000, 0x0000000088b00000|100%| O|  |TAMS 0x0000000088b00000, 0x0000000088b00000| Untracked 
| 139|0x0000000088b00000, 0x0000000088c00000, 0x0000000088c00000|100%| O|  |TAMS 0x0000000088c00000, 0x0000000088c00000| Untracked 
| 140|0x0000000088c00000, 0x0000000088d00000, 0x0000000088d00000|100%| O|  |TAMS 0x0000000088d00000, 0x0000000088d00000| Untracked 
| 141|0x0000000088d00000, 0x0000000088e00000, 0x0000000088e00000|100%| O|  |TAMS 0x0000000088e00000, 0x0000000088e00000| Untracked 
| 142|0x0000000088e00000, 0x0000000088f00000, 0x0000000088f00000|100%| O|  |TAMS 0x0000000088f00000, 0x0000000088f00000| Untracked 
| 143|0x0000000088f00000, 0x0000000089000000, 0x0000000089000000|100%| O|  |TAMS 0x0000000089000000, 0x0000000089000000| Untracked 
| 144|0x0000000089000000, 0x0000000089100000, 0x0000000089100000|100%| O|  |TAMS 0x0000000089100000, 0x0000000089100000| Untracked 
| 145|0x0000000089100000, 0x0000000089200000, 0x0000000089200000|100%| O|  |TAMS 0x0000000089200000, 0x0000000089200000| Untracked 
| 146|0x0000000089200000, 0x0000000089300000, 0x0000000089300000|100%| O|  |TAMS 0x0000000089300000, 0x0000000089300000| Untracked 
| 147|0x0000000089300000, 0x0000000089400000, 0x0000000089400000|100%| O|  |TAMS 0x0000000089400000, 0x0000000089400000| Untracked 
| 148|0x0000000089400000, 0x0000000089500000, 0x0000000089500000|100%| O|  |TAMS 0x0000000089500000, 0x0000000089500000| Untracked 
| 149|0x0000000089500000, 0x0000000089600000, 0x0000000089600000|100%| O|  |TAMS 0x0000000089600000, 0x0000000089600000| Untracked 
| 150|0x0000000089600000, 0x0000000089700000, 0x0000000089700000|100%| O|  |TAMS 0x0000000089700000, 0x0000000089700000| Untracked 
| 151|0x0000000089700000, 0x0000000089800000, 0x0000000089800000|100%| O|  |TAMS 0x0000000089800000, 0x0000000089800000| Untracked 
| 152|0x0000000089800000, 0x0000000089900000, 0x0000000089900000|100%| O|  |TAMS 0x0000000089900000, 0x0000000089900000| Untracked 
| 153|0x0000000089900000, 0x0000000089a00000, 0x0000000089a00000|100%| O|  |TAMS 0x0000000089a00000, 0x0000000089a00000| Untracked 
| 154|0x0000000089a00000, 0x0000000089b00000, 0x0000000089b00000|100%| O|  |TAMS 0x0000000089b00000, 0x0000000089b00000| Untracked 
| 155|0x0000000089b00000, 0x0000000089c00000, 0x0000000089c00000|100%| O|  |TAMS 0x0000000089b00000, 0x0000000089c00000| Untracked 
| 156|0x0000000089c00000, 0x0000000089d00000, 0x0000000089d00000|100%| O|  |TAMS 0x0000000089d00000, 0x0000000089d00000| Untracked 
| 157|0x0000000089d00000, 0x0000000089e00000, 0x0000000089e00000|100%| O|  |TAMS 0x0000000089e00000, 0x0000000089e00000| Untracked 
| 158|0x0000000089e00000, 0x0000000089f00000, 0x0000000089f00000|100%| O|  |TAMS 0x0000000089e00000, 0x0000000089f00000| Untracked 
| 159|0x0000000089f00000, 0x000000008a000000, 0x000000008a000000|100%| O|  |TAMS 0x000000008a000000, 0x000000008a000000| Untracked 
| 160|0x000000008a000000, 0x000000008a100000, 0x000000008a100000|100%| O|  |TAMS 0x000000008a100000, 0x000000008a100000| Untracked 
| 161|0x000000008a100000, 0x000000008a200000, 0x000000008a200000|100%| O|  |TAMS 0x000000008a200000, 0x000000008a200000| Untracked 
| 162|0x000000008a200000, 0x000000008a300000, 0x000000008a300000|100%| O|  |TAMS 0x000000008a300000, 0x000000008a300000| Untracked 
| 163|0x000000008a300000, 0x000000008a400000, 0x000000008a400000|100%| O|  |TAMS 0x000000008a400000, 0x000000008a400000| Untracked 
| 164|0x000000008a400000, 0x000000008a500000, 0x000000008a500000|100%| O|  |TAMS 0x000000008a500000, 0x000000008a500000| Untracked 
| 165|0x000000008a500000, 0x000000008a600000, 0x000000008a600000|100%| O|  |TAMS 0x000000008a600000, 0x000000008a600000| Untracked 
| 166|0x000000008a600000, 0x000000008a700000, 0x000000008a700000|100%| O|  |TAMS 0x000000008a700000, 0x000000008a700000| Untracked 
| 167|0x000000008a700000, 0x000000008a800000, 0x000000008a800000|100%| O|  |TAMS 0x000000008a700000, 0x000000008a800000| Untracked 
| 168|0x000000008a800000, 0x000000008a900000, 0x000000008a900000|100%| O|  |TAMS 0x000000008a800000, 0x000000008a900000| Untracked 
| 169|0x000000008a900000, 0x000000008aa00000, 0x000000008aa00000|100%| O|  |TAMS 0x000000008a900000, 0x000000008aa00000| Untracked 
| 170|0x000000008aa00000, 0x000000008ab00000, 0x000000008ab00000|100%| O|  |TAMS 0x000000008ab00000, 0x000000008ab00000| Untracked 
| 171|0x000000008ab00000, 0x000000008ac00000, 0x000000008ac00000|100%| O|  |TAMS 0x000000008ab00000, 0x000000008ac00000| Untracked 
| 172|0x000000008ac00000, 0x000000008ad00000, 0x000000008ad00000|100%| O|  |TAMS 0x000000008ac00000, 0x000000008ad00000| Untracked 
| 173|0x000000008ad00000, 0x000000008ae00000, 0x000000008ae00000|100%| O|  |TAMS 0x000000008ad00000, 0x000000008ae00000| Untracked 
| 174|0x000000008ae00000, 0x000000008af00000, 0x000000008af00000|100%| O|  |TAMS 0x000000008af00000, 0x000000008af00000| Untracked 
| 175|0x000000008af00000, 0x000000008b000000, 0x000000008b000000|100%| O|  |TAMS 0x000000008af00000, 0x000000008b000000| Untracked 
| 176|0x000000008b000000, 0x000000008b100000, 0x000000008b100000|100%| O|  |TAMS 0x000000008b100000, 0x000000008b100000| Untracked 
| 177|0x000000008b100000, 0x000000008b200000, 0x000000008b200000|100%| O|  |TAMS 0x000000008b200000, 0x000000008b200000| Untracked 
| 178|0x000000008b200000, 0x000000008b300000, 0x000000008b300000|100%| O|  |TAMS 0x000000008b300000, 0x000000008b300000| Untracked 
| 179|0x000000008b300000, 0x000000008b400000, 0x000000008b400000|100%| O|  |TAMS 0x000000008b400000, 0x000000008b400000| Untracked 
| 180|0x000000008b400000, 0x000000008b500000, 0x000000008b500000|100%| O|  |TAMS 0x000000008b500000, 0x000000008b500000| Untracked 
| 181|0x000000008b500000, 0x000000008b600000, 0x000000008b600000|100%| O|  |TAMS 0x000000008b500000, 0x000000008b600000| Untracked 
| 182|0x000000008b600000, 0x000000008b700000, 0x000000008b700000|100%| O|  |TAMS 0x000000008b600000, 0x000000008b700000| Untracked 
| 183|0x000000008b700000, 0x000000008b800000, 0x000000008b800000|100%| O|  |TAMS 0x000000008b800000, 0x000000008b800000| Untracked 
| 184|0x000000008b800000, 0x000000008b900000, 0x000000008b900000|100%| O|  |TAMS 0x000000008b900000, 0x000000008b900000| Untracked 
| 185|0x000000008b900000, 0x000000008ba00000, 0x000000008ba00000|100%| O|  |TAMS 0x000000008ba00000, 0x000000008ba00000| Untracked 
| 186|0x000000008ba00000, 0x000000008bb00000, 0x000000008bb00000|100%| O|  |TAMS 0x000000008bb00000, 0x000000008bb00000| Untracked 
| 187|0x000000008bb00000, 0x000000008bc00000, 0x000000008bc00000|100%| O|  |TAMS 0x000000008bc00000, 0x000000008bc00000| Untracked 
| 188|0x000000008bc00000, 0x000000008bd00000, 0x000000008bd00000|100%| O|  |TAMS 0x000000008bd00000, 0x000000008bd00000| Untracked 
| 189|0x000000008bd00000, 0x000000008be00000, 0x000000008be00000|100%| O|  |TAMS 0x000000008be00000, 0x000000008be00000| Untracked 
| 190|0x000000008be00000, 0x000000008bf00000, 0x000000008bf00000|100%| O|  |TAMS 0x000000008bf00000, 0x000000008bf00000| Untracked 
| 191|0x000000008bf00000, 0x000000008c000000, 0x000000008c000000|100%| O|  |TAMS 0x000000008c000000, 0x000000008c000000| Untracked 
| 192|0x000000008c000000, 0x000000008c100000, 0x000000008c100000|100%| O|  |TAMS 0x000000008c000000, 0x000000008c100000| Untracked 
| 193|0x000000008c100000, 0x000000008c200000, 0x000000008c200000|100%| O|  |TAMS 0x000000008c200000, 0x000000008c200000| Untracked 
| 194|0x000000008c200000, 0x000000008c300000, 0x000000008c300000|100%| O|  |TAMS 0x000000008c300000, 0x000000008c300000| Untracked 
| 195|0x000000008c300000, 0x000000008c400000, 0x000000008c400000|100%| O|  |TAMS 0x000000008c400000, 0x000000008c400000| Untracked 
| 196|0x000000008c400000, 0x000000008c500000, 0x000000008c500000|100%| O|  |TAMS 0x000000008c500000, 0x000000008c500000| Untracked 
| 197|0x000000008c500000, 0x000000008c600000, 0x000000008c600000|100%| O|  |TAMS 0x000000008c600000, 0x000000008c600000| Untracked 
| 198|0x000000008c600000, 0x000000008c700000, 0x000000008c700000|100%| O|  |TAMS 0x000000008c700000, 0x000000008c700000| Untracked 
| 199|0x000000008c700000, 0x000000008c800000, 0x000000008c800000|100%| O|  |TAMS 0x000000008c700000, 0x000000008c800000| Untracked 
| 200|0x000000008c800000, 0x000000008c900000, 0x000000008c900000|100%| O|  |TAMS 0x000000008c900000, 0x000000008c900000| Untracked 
| 201|0x000000008c900000, 0x000000008ca00000, 0x000000008ca00000|100%| O|  |TAMS 0x000000008ca00000, 0x000000008ca00000| Untracked 
| 202|0x000000008ca00000, 0x000000008cb00000, 0x000000008cb00000|100%| O|  |TAMS 0x000000008cb00000, 0x000000008cb00000| Untracked 
| 203|0x000000008cb00000, 0x000000008cc00000, 0x000000008cc00000|100%| O|  |TAMS 0x000000008cc00000, 0x000000008cc00000| Untracked 
| 204|0x000000008cc00000, 0x000000008cd00000, 0x000000008cd00000|100%| O|  |TAMS 0x000000008cd00000, 0x000000008cd00000| Untracked 
| 205|0x000000008cd00000, 0x000000008ce00000, 0x000000008ce00000|100%| O|  |TAMS 0x000000008ce00000, 0x000000008ce00000| Untracked 
| 206|0x000000008ce00000, 0x000000008cf00000, 0x000000008cf00000|100%| O|  |TAMS 0x000000008cf00000, 0x000000008cf00000| Untracked 
| 207|0x000000008cf00000, 0x000000008d000000, 0x000000008d000000|100%| O|  |TAMS 0x000000008d000000, 0x000000008d000000| Untracked 
| 208|0x000000008d000000, 0x000000008d100000, 0x000000008d100000|100%| O|  |TAMS 0x000000008d100000, 0x000000008d100000| Untracked 
| 209|0x000000008d100000, 0x000000008d200000, 0x000000008d200000|100%| O|  |TAMS 0x000000008d200000, 0x000000008d200000| Untracked 
| 210|0x000000008d200000, 0x000000008d300000, 0x000000008d300000|100%| O|  |TAMS 0x000000008d300000, 0x000000008d300000| Untracked 
| 211|0x000000008d300000, 0x000000008d400000, 0x000000008d400000|100%| O|  |TAMS 0x000000008d400000, 0x000000008d400000| Untracked 
| 212|0x000000008d400000, 0x000000008d500000, 0x000000008d500000|100%| O|  |TAMS 0x000000008d48a200, 0x000000008d500000| Untracked 
| 213|0x000000008d500000, 0x000000008d600000, 0x000000008d600000|100%| O|  |TAMS 0x000000008d500000, 0x000000008d600000| Untracked 
| 214|0x000000008d600000, 0x000000008d700000, 0x000000008d700000|100%| O|  |TAMS 0x000000008d600000, 0x000000008d700000| Untracked 
| 215|0x000000008d700000, 0x000000008d800000, 0x000000008d800000|100%| O|  |TAMS 0x000000008d700000, 0x000000008d800000| Untracked 
| 216|0x000000008d800000, 0x000000008d900000, 0x000000008d900000|100%| O|  |TAMS 0x000000008d800000, 0x000000008d900000| Untracked 
| 217|0x000000008d900000, 0x000000008da00000, 0x000000008da00000|100%| O|  |TAMS 0x000000008d900000, 0x000000008da00000| Untracked 
| 218|0x000000008da00000, 0x000000008db00000, 0x000000008db00000|100%| O|  |TAMS 0x000000008da00000, 0x000000008db00000| Untracked 
| 219|0x000000008db00000, 0x000000008dc00000, 0x000000008dc00000|100%| O|  |TAMS 0x000000008db00000, 0x000000008dc00000| Untracked 
| 220|0x000000008dc00000, 0x000000008dd00000, 0x000000008dd00000|100%| O|  |TAMS 0x000000008dc00000, 0x000000008dd00000| Untracked 
| 221|0x000000008dd00000, 0x000000008de00000, 0x000000008de00000|100%| O|  |TAMS 0x000000008dd00000, 0x000000008de00000| Untracked 
| 222|0x000000008de00000, 0x000000008df00000, 0x000000008df00000|100%| O|  |TAMS 0x000000008de00000, 0x000000008df00000| Untracked 
| 223|0x000000008df00000, 0x000000008e000000, 0x000000008e000000|100%| O|  |TAMS 0x000000008df00000, 0x000000008e000000| Untracked 
| 224|0x000000008e000000, 0x000000008e100000, 0x000000008e100000|100%| O|  |TAMS 0x000000008e000000, 0x000000008e100000| Untracked 
| 225|0x000000008e100000, 0x000000008e200000, 0x000000008e200000|100%| O|  |TAMS 0x000000008e100000, 0x000000008e200000| Untracked 
| 226|0x000000008e200000, 0x000000008e300000, 0x000000008e300000|100%| O|  |TAMS 0x000000008e200000, 0x000000008e300000| Untracked 
| 227|0x000000008e300000, 0x000000008e400000, 0x000000008e400000|100%| O|  |TAMS 0x000000008e300000, 0x000000008e400000| Untracked 
| 228|0x000000008e400000, 0x000000008e500000, 0x000000008e500000|100%| O|  |TAMS 0x000000008e400000, 0x000000008e500000| Untracked 
| 229|0x000000008e500000, 0x000000008e600000, 0x000000008e600000|100%| O|  |TAMS 0x000000008e500000, 0x000000008e600000| Untracked 
| 230|0x000000008e600000, 0x000000008e700000, 0x000000008e700000|100%| O|  |TAMS 0x000000008e600000, 0x000000008e700000| Untracked 
| 231|0x000000008e700000, 0x000000008e800000, 0x000000008e800000|100%| O|  |TAMS 0x000000008e700000, 0x000000008e800000| Untracked 
| 232|0x000000008e800000, 0x000000008e800000, 0x000000008e900000|  0%| F|  |TAMS 0x000000008e800000, 0x000000008e800000| Untracked 
| 233|0x000000008e900000, 0x000000008e900000, 0x000000008ea00000|  0%| F|  |TAMS 0x000000008e900000, 0x000000008e900000| Untracked 
| 234|0x000000008ea00000, 0x000000008ea00000, 0x000000008eb00000|  0%| F|  |TAMS 0x000000008ea00000, 0x000000008ea00000| Untracked 
| 235|0x000000008eb00000, 0x000000008eb00000, 0x000000008ec00000|  0%| F|  |TAMS 0x000000008eb00000, 0x000000008eb00000| Untracked 
| 236|0x000000008ec00000, 0x000000008ec00000, 0x000000008ed00000|  0%| F|  |TAMS 0x000000008ec00000, 0x000000008ec00000| Untracked 
| 237|0x000000008ed00000, 0x000000008ed00000, 0x000000008ee00000|  0%| F|  |TAMS 0x000000008ed00000, 0x000000008ed00000| Untracked 
| 238|0x000000008ee00000, 0x000000008ee00000, 0x000000008ef00000|  0%| F|  |TAMS 0x000000008ee00000, 0x000000008ee00000| Untracked 
| 239|0x000000008ef00000, 0x000000008ef00000, 0x000000008f000000|  0%| F|  |TAMS 0x000000008ef00000, 0x000000008ef00000| Untracked 
| 240|0x000000008f000000, 0x000000008f000000, 0x000000008f100000|  0%| F|  |TAMS 0x000000008f000000, 0x000000008f000000| Untracked 
| 241|0x000000008f100000, 0x000000008f100000, 0x000000008f200000|  0%| F|  |TAMS 0x000000008f100000, 0x000000008f100000| Untracked 
| 242|0x000000008f200000, 0x000000008f200000, 0x000000008f300000|  0%| F|  |TAMS 0x000000008f200000, 0x000000008f200000| Untracked 
| 243|0x000000008f300000, 0x000000008f300000, 0x000000008f400000|  0%| F|  |TAMS 0x000000008f300000, 0x000000008f300000| Untracked 
| 244|0x000000008f400000, 0x000000008f400000, 0x000000008f500000|  0%| F|  |TAMS 0x000000008f400000, 0x000000008f400000| Untracked 
| 245|0x000000008f500000, 0x000000008f500000, 0x000000008f600000|  0%| F|  |TAMS 0x000000008f500000, 0x000000008f500000| Untracked 
| 246|0x000000008f600000, 0x000000008f600000, 0x000000008f700000|  0%| F|  |TAMS 0x000000008f600000, 0x000000008f600000| Untracked 
| 247|0x000000008f700000, 0x000000008f700000, 0x000000008f800000|  0%| F|  |TAMS 0x000000008f700000, 0x000000008f700000| Untracked 
| 248|0x000000008f800000, 0x000000008f800000, 0x000000008f900000|  0%| F|  |TAMS 0x000000008f800000, 0x000000008f800000| Untracked 
| 249|0x000000008f900000, 0x000000008f900000, 0x000000008fa00000|  0%| F|  |TAMS 0x000000008f900000, 0x000000008f900000| Untracked 
| 250|0x000000008fa00000, 0x000000008fa00000, 0x000000008fb00000|  0%| F|  |TAMS 0x000000008fa00000, 0x000000008fa00000| Untracked 
| 251|0x000000008fb00000, 0x000000008fb00000, 0x000000008fc00000|  0%| F|  |TAMS 0x000000008fb00000, 0x000000008fb00000| Untracked 
| 252|0x000000008fc00000, 0x000000008fc00000, 0x000000008fd00000|  0%| F|  |TAMS 0x000000008fc00000, 0x000000008fc00000| Untracked 
| 253|0x000000008fd00000, 0x000000008fd00000, 0x000000008fe00000|  0%| F|  |TAMS 0x000000008fd00000, 0x000000008fd00000| Untracked 
| 254|0x000000008fe00000, 0x000000008fe00000, 0x000000008ff00000|  0%| F|  |TAMS 0x000000008fe00000, 0x000000008fe00000| Untracked 
| 255|0x000000008ff00000, 0x000000008ff00000, 0x0000000090000000|  0%| F|  |TAMS 0x000000008ff00000, 0x000000008ff00000| Untracked 
| 256|0x0000000090000000, 0x0000000090000000, 0x0000000090100000|  0%| F|  |TAMS 0x0000000090000000, 0x0000000090000000| Untracked 
| 257|0x0000000090100000, 0x0000000090100000, 0x0000000090200000|  0%| F|  |TAMS 0x0000000090100000, 0x0000000090100000| Untracked 
| 258|0x0000000090200000, 0x0000000090200000, 0x0000000090300000|  0%| F|  |TAMS 0x0000000090200000, 0x0000000090200000| Untracked 
| 259|0x0000000090300000, 0x0000000090300000, 0x0000000090400000|  0%| F|  |TAMS 0x0000000090300000, 0x0000000090300000| Untracked 
| 260|0x0000000090400000, 0x0000000090400000, 0x0000000090500000|  0%| F|  |TAMS 0x0000000090400000, 0x0000000090400000| Untracked 
| 261|0x0000000090500000, 0x0000000090500000, 0x0000000090600000|  0%| F|  |TAMS 0x0000000090500000, 0x0000000090500000| Untracked 
| 262|0x0000000090600000, 0x0000000090600000, 0x0000000090700000|  0%| F|  |TAMS 0x0000000090600000, 0x0000000090600000| Untracked 
| 263|0x0000000090700000, 0x0000000090700000, 0x0000000090800000|  0%| F|  |TAMS 0x0000000090700000, 0x0000000090700000| Untracked 
| 264|0x0000000090800000, 0x0000000090800000, 0x0000000090900000|  0%| F|  |TAMS 0x0000000090800000, 0x0000000090800000| Untracked 
| 265|0x0000000090900000, 0x0000000090900000, 0x0000000090a00000|  0%| F|  |TAMS 0x0000000090900000, 0x0000000090900000| Untracked 
| 266|0x0000000090a00000, 0x0000000090a00000, 0x0000000090b00000|  0%| F|  |TAMS 0x0000000090a00000, 0x0000000090a00000| Untracked 
| 267|0x0000000090b00000, 0x0000000090b00000, 0x0000000090c00000|  0%| F|  |TAMS 0x0000000090b00000, 0x0000000090b00000| Untracked 
| 268|0x0000000090c00000, 0x0000000090c00000, 0x0000000090d00000|  0%| F|  |TAMS 0x0000000090c00000, 0x0000000090c00000| Untracked 
| 269|0x0000000090d00000, 0x0000000090d00000, 0x0000000090e00000|  0%| F|  |TAMS 0x0000000090d00000, 0x0000000090d00000| Untracked 
| 270|0x0000000090e00000, 0x0000000090e00000, 0x0000000090f00000|  0%| F|  |TAMS 0x0000000090e00000, 0x0000000090e00000| Untracked 
| 271|0x0000000090f00000, 0x0000000090f00000, 0x0000000091000000|  0%| F|  |TAMS 0x0000000090f00000, 0x0000000090f00000| Untracked 
| 272|0x0000000091000000, 0x0000000091000000, 0x0000000091100000|  0%| F|  |TAMS 0x0000000091000000, 0x0000000091000000| Untracked 
| 273|0x0000000091100000, 0x0000000091100000, 0x0000000091200000|  0%| F|  |TAMS 0x0000000091100000, 0x0000000091100000| Untracked 
| 274|0x0000000091200000, 0x0000000091200000, 0x0000000091300000|  0%| F|  |TAMS 0x0000000091200000, 0x0000000091200000| Untracked 
| 275|0x0000000091300000, 0x0000000091300000, 0x0000000091400000|  0%| F|  |TAMS 0x0000000091300000, 0x0000000091300000| Untracked 
| 276|0x0000000091400000, 0x0000000091400000, 0x0000000091500000|  0%| F|  |TAMS 0x0000000091400000, 0x0000000091400000| Untracked 
| 277|0x0000000091500000, 0x0000000091500000, 0x0000000091600000|  0%| F|  |TAMS 0x0000000091500000, 0x0000000091500000| Untracked 
| 278|0x0000000091600000, 0x0000000091600000, 0x0000000091700000|  0%| F|  |TAMS 0x0000000091600000, 0x0000000091600000| Untracked 
| 279|0x0000000091700000, 0x0000000091700000, 0x0000000091800000|  0%| F|  |TAMS 0x0000000091700000, 0x0000000091700000| Untracked 
| 280|0x0000000091800000, 0x0000000091800000, 0x0000000091900000|  0%| F|  |TAMS 0x0000000091800000, 0x0000000091800000| Untracked 
| 281|0x0000000091900000, 0x0000000091900000, 0x0000000091a00000|  0%| F|  |TAMS 0x0000000091900000, 0x0000000091900000| Untracked 
| 282|0x0000000091a00000, 0x0000000091b00000, 0x0000000091b00000|100%| S|CS|TAMS 0x0000000091a00000, 0x0000000091a00000| Complete 
| 283|0x0000000091b00000, 0x0000000091c00000, 0x0000000091c00000|100%| S|CS|TAMS 0x0000000091b00000, 0x0000000091b00000| Complete 
| 284|0x0000000091c00000, 0x0000000091c00000, 0x0000000091d00000|  0%| F|  |TAMS 0x0000000091c00000, 0x0000000091c00000| Untracked 
| 285|0x0000000091d00000, 0x0000000091d00000, 0x0000000091e00000|  0%| F|  |TAMS 0x0000000091d00000, 0x0000000091d00000| Untracked 
| 286|0x0000000091e00000, 0x0000000091e00000, 0x0000000091f00000|  0%| F|  |TAMS 0x0000000091e00000, 0x0000000091e00000| Untracked 
| 287|0x0000000091f00000, 0x0000000091f00000, 0x0000000092000000|  0%| F|  |TAMS 0x0000000091f00000, 0x0000000091f00000| Untracked 
| 288|0x0000000092000000, 0x0000000092100000, 0x0000000092100000|100%| S|CS|TAMS 0x0000000092000000, 0x0000000092000000| Complete 
| 289|0x0000000092100000, 0x0000000092100000, 0x0000000092200000|  0%| F|  |TAMS 0x0000000092100000, 0x0000000092100000| Untracked 
| 290|0x0000000092200000, 0x0000000092300000, 0x0000000092300000|100%| S|CS|TAMS 0x0000000092200000, 0x0000000092200000| Complete 
| 291|0x0000000092300000, 0x0000000092400000, 0x0000000092400000|100%| S|CS|TAMS 0x0000000092300000, 0x0000000092300000| Complete 
| 292|0x0000000092400000, 0x0000000092500000, 0x0000000092500000|100%| S|CS|TAMS 0x0000000092400000, 0x0000000092400000| Complete 
| 293|0x0000000092500000, 0x0000000092600000, 0x0000000092600000|100%| S|CS|TAMS 0x0000000092500000, 0x0000000092500000| Complete 
| 294|0x0000000092600000, 0x0000000092600000, 0x0000000092700000|  0%| F|  |TAMS 0x0000000092600000, 0x0000000092600000| Untracked 
| 295|0x0000000092700000, 0x0000000092700000, 0x0000000092800000|  0%| F|  |TAMS 0x0000000092700000, 0x0000000092700000| Untracked 
| 296|0x0000000092800000, 0x0000000092800000, 0x0000000092900000|  0%| F|  |TAMS 0x0000000092800000, 0x0000000092800000| Untracked 
| 297|0x0000000092900000, 0x0000000092900000, 0x0000000092a00000|  0%| F|  |TAMS 0x0000000092900000, 0x0000000092900000| Untracked 
| 298|0x0000000092a00000, 0x0000000092a00000, 0x0000000092b00000|  0%| F|  |TAMS 0x0000000092a00000, 0x0000000092a00000| Untracked 
| 299|0x0000000092b00000, 0x0000000092b00000, 0x0000000092c00000|  0%| F|  |TAMS 0x0000000092b00000, 0x0000000092b00000| Untracked 
| 300|0x0000000092c00000, 0x0000000092c00000, 0x0000000092d00000|  0%| F|  |TAMS 0x0000000092c00000, 0x0000000092c00000| Untracked 
| 301|0x0000000092d00000, 0x0000000092d00000, 0x0000000092e00000|  0%| F|  |TAMS 0x0000000092d00000, 0x0000000092d00000| Untracked 
| 302|0x0000000092e00000, 0x0000000092e00000, 0x0000000092f00000|  0%| F|  |TAMS 0x0000000092e00000, 0x0000000092e00000| Untracked 
| 303|0x0000000092f00000, 0x0000000092f00000, 0x0000000093000000|  0%| F|  |TAMS 0x0000000092f00000, 0x0000000092f00000| Untracked 
| 304|0x0000000093000000, 0x0000000093000000, 0x0000000093100000|  0%| F|  |TAMS 0x0000000093000000, 0x0000000093000000| Untracked 
| 305|0x0000000093100000, 0x0000000093100000, 0x0000000093200000|  0%| F|  |TAMS 0x0000000093100000, 0x0000000093100000| Untracked 
| 306|0x0000000093200000, 0x0000000093200000, 0x0000000093300000|  0%| F|  |TAMS 0x0000000093200000, 0x0000000093200000| Untracked 
| 307|0x0000000093300000, 0x0000000093300000, 0x0000000093400000|  0%| F|  |TAMS 0x0000000093300000, 0x0000000093300000| Untracked 
| 308|0x0000000093400000, 0x0000000093400000, 0x0000000093500000|  0%| F|  |TAMS 0x0000000093400000, 0x0000000093400000| Untracked 
| 309|0x0000000093500000, 0x0000000093500000, 0x0000000093600000|  0%| F|  |TAMS 0x0000000093500000, 0x0000000093500000| Untracked 
| 310|0x0000000093600000, 0x0000000093600000, 0x0000000093700000|  0%| F|  |TAMS 0x0000000093600000, 0x0000000093600000| Untracked 
| 311|0x0000000093700000, 0x0000000093700000, 0x0000000093800000|  0%| F|  |TAMS 0x0000000093700000, 0x0000000093700000| Untracked 
| 312|0x0000000093800000, 0x0000000093800000, 0x0000000093900000|  0%| F|  |TAMS 0x0000000093800000, 0x0000000093800000| Untracked 
| 313|0x0000000093900000, 0x0000000093900000, 0x0000000093a00000|  0%| F|  |TAMS 0x0000000093900000, 0x0000000093900000| Untracked 
| 314|0x0000000093a00000, 0x0000000093a00000, 0x0000000093b00000|  0%| F|  |TAMS 0x0000000093a00000, 0x0000000093a00000| Untracked 
| 315|0x0000000093b00000, 0x0000000093b00000, 0x0000000093c00000|  0%| F|  |TAMS 0x0000000093b00000, 0x0000000093b00000| Untracked 
| 316|0x0000000093c00000, 0x0000000093c00000, 0x0000000093d00000|  0%| F|  |TAMS 0x0000000093c00000, 0x0000000093c00000| Untracked 
| 317|0x0000000093d00000, 0x0000000093d00000, 0x0000000093e00000|  0%| F|  |TAMS 0x0000000093d00000, 0x0000000093d00000| Untracked 
| 318|0x0000000093e00000, 0x0000000093e00000, 0x0000000093f00000|  0%| F|  |TAMS 0x0000000093e00000, 0x0000000093e00000| Untracked 
| 319|0x0000000093f00000, 0x0000000093f00000, 0x0000000094000000|  0%| F|  |TAMS 0x0000000093f00000, 0x0000000093f00000| Untracked 
| 320|0x0000000094000000, 0x0000000094000000, 0x0000000094100000|  0%| F|  |TAMS 0x0000000094000000, 0x0000000094000000| Untracked 
| 321|0x0000000094100000, 0x0000000094100000, 0x0000000094200000|  0%| F|  |TAMS 0x0000000094100000, 0x0000000094100000| Untracked 
| 322|0x0000000094200000, 0x0000000094200000, 0x0000000094300000|  0%| F|  |TAMS 0x0000000094200000, 0x0000000094200000| Untracked 
| 323|0x0000000094300000, 0x0000000094300000, 0x0000000094400000|  0%| F|  |TAMS 0x0000000094300000, 0x0000000094300000| Untracked 
| 324|0x0000000094400000, 0x0000000094400000, 0x0000000094500000|  0%| F|  |TAMS 0x0000000094400000, 0x0000000094400000| Untracked 
| 325|0x0000000094500000, 0x0000000094500000, 0x0000000094600000|  0%| F|  |TAMS 0x0000000094500000, 0x0000000094500000| Untracked 
| 326|0x0000000094600000, 0x0000000094600000, 0x0000000094700000|  0%| F|  |TAMS 0x0000000094600000, 0x0000000094600000| Untracked 
| 327|0x0000000094700000, 0x0000000094700000, 0x0000000094800000|  0%| F|  |TAMS 0x0000000094700000, 0x0000000094700000| Untracked 
| 328|0x0000000094800000, 0x0000000094800000, 0x0000000094900000|  0%| F|  |TAMS 0x0000000094800000, 0x0000000094800000| Untracked 
| 329|0x0000000094900000, 0x0000000094900000, 0x0000000094a00000|  0%| F|  |TAMS 0x0000000094900000, 0x0000000094900000| Untracked 
| 330|0x0000000094a00000, 0x0000000094a00000, 0x0000000094b00000|  0%| F|  |TAMS 0x0000000094a00000, 0x0000000094a00000| Untracked 
| 331|0x0000000094b00000, 0x0000000094b00000, 0x0000000094c00000|  0%| F|  |TAMS 0x0000000094b00000, 0x0000000094b00000| Untracked 
| 332|0x0000000094c00000, 0x0000000094c00000, 0x0000000094d00000|  0%| F|  |TAMS 0x0000000094c00000, 0x0000000094c00000| Untracked 
| 333|0x0000000094d00000, 0x0000000094d00000, 0x0000000094e00000|  0%| F|  |TAMS 0x0000000094d00000, 0x0000000094d00000| Untracked 
| 334|0x0000000094e00000, 0x0000000094e00000, 0x0000000094f00000|  0%| F|  |TAMS 0x0000000094e00000, 0x0000000094e00000| Untracked 
| 335|0x0000000094f00000, 0x0000000094f00000, 0x0000000095000000|  0%| F|  |TAMS 0x0000000094f00000, 0x0000000094f00000| Untracked 
| 336|0x0000000095000000, 0x0000000095000000, 0x0000000095100000|  0%| F|  |TAMS 0x0000000095000000, 0x0000000095000000| Untracked 
| 337|0x0000000095100000, 0x0000000095100000, 0x0000000095200000|  0%| F|  |TAMS 0x0000000095100000, 0x0000000095100000| Untracked 
| 338|0x0000000095200000, 0x0000000095200000, 0x0000000095300000|  0%| F|  |TAMS 0x0000000095200000, 0x0000000095200000| Untracked 

Card table byte_map: [0x000002daef9b0000,0x000002daefdb0000] _byte_map_base: 0x000002daef5b0000

Marking Bits (Prev, Next): (CMBitMap*) 0x000002dadbfdbb48, (CMBitMap*) 0x000002dadbfdbb80
 Prev Bits: [0x000002daf01b0000, 0x000002daf21b0000)
 Next Bits: [0x000002daf21b0000, 0x000002daf41b0000)

Polling page: 0x000002dada720000

Metaspace:

Usage:
  Non-class:    119.04 MB capacity,   116.92 MB ( 98%) used,     1.73 MB (  1%) free+waste,   402.44 KB ( <1%) overhead. 
      Class:     17.57 MB capacity,    16.33 MB ( 93%) used,     1.07 MB (  6%) free+waste,   178.94 KB ( <1%) overhead. 
       Both:    136.61 MB capacity,   133.25 MB ( 98%) used,     2.80 MB (  2%) free+waste,   581.38 KB ( <1%) overhead. 

Virtual space:
  Non-class space:      122.00 MB reserved,     120.70 MB ( 99%) committed 
      Class space:        1.00 GB reserved,      18.63 MB (  2%) committed 
             Both:        1.12 GB reserved,     139.32 MB ( 12%) committed 

Chunk freelists:
   Non-Class:  1.53 MB
       Class:  984.00 KB
        Both:  2.49 MB

MaxMetaspaceSize: 17179869184.00 GB
CompressedClassSpaceSize: 1.00 GB

CodeHeap 'non-profiled nmethods': size=120000Kb used=11105Kb max_used=11968Kb free=108894Kb
 bounds [0x000002dae73f0000, 0x000002dae7fb0000, 0x000002daee920000]
CodeHeap 'profiled nmethods': size=120000Kb used=38921Kb max_used=38976Kb free=81078Kb
 bounds [0x000002dadfec0000, 0x000002dae2650000, 0x000002dae73f0000]
CodeHeap 'non-nmethods': size=5760Kb used=2454Kb max_used=2496Kb free=3305Kb
 bounds [0x000002dadf920000, 0x000002dadfbb0000, 0x000002dadfec0000]
 total_blobs=19964 nmethods=18833 adapters=1041
 compilation: enabled
              stopped_count=0, restarted_count=0
 full_count=0

Compilation events (20 events):
Event: 100.454 Thread 0x000002daf6ecf000 22544       1       com.android.tools.r8.v.b.o0::S1 (2 bytes)
Event: 100.454 Thread 0x000002daf6ecf000 nmethod 22544 0x000002dae7a89e10 code [0x000002dae7a89fc0, 0x000002dae7a8a078]
Event: 100.454 Thread 0x000002daf6ecf000 22703       1       com.android.tools.r8.v.b.j1::W1 (3 bytes)
Event: 100.454 Thread 0x000002daf6ecf000 nmethod 22703 0x000002dae7a89b10 code [0x000002dae7a89cc0, 0x000002dae7a89d78]
Event: 100.454 Thread 0x000002daf6ecf000 22725       1       com.android.tools.r8.v.b.j1::V1 (4 bytes)
Event: 100.454 Thread 0x000002daf6ecf000 nmethod 22725 0x000002dae7a89810 code [0x000002dae7a899c0, 0x000002dae7a89a78]
Event: 100.454 Thread 0x000002daf6ecf000 22702       1       com.android.tools.r8.code.J2::hashCode (3 bytes)
Event: 100.454 Thread 0x000002daf6ecf000 nmethod 22702 0x000002dae7a89510 code [0x000002dae7a896c0, 0x000002dae7a89778]
Event: 100.454 Thread 0x000002daf6ecf000 22714       1       com.android.tools.r8.v.b.j1::S0 (2 bytes)
Event: 100.454 Thread 0x000002daf6ecf000 nmethod 22714 0x000002dae7a89210 code [0x000002dae7a893c0, 0x000002dae7a89478]
Event: 100.454 Thread 0x000002daf6ecf000 22641       1       com.android.tools.r8.v.b.S0::J1 (2 bytes)
Event: 100.454 Thread 0x000002daf6ecf000 nmethod 22641 0x000002dae7a88f10 code [0x000002dae7a890c0, 0x000002dae7a89178]
Event: 100.454 Thread 0x000002daf6ecf000 23066       1       com.android.tools.r8.v.b.o0::p0 (2 bytes)
Event: 100.455 Thread 0x000002daf6ecf000 nmethod 23066 0x000002dae7a88c10 code [0x000002dae7a88dc0, 0x000002dae7a88e78]
Event: 100.455 Thread 0x000002daf6ecf000 22588       1       com.android.tools.r8.v.b.j0::t1 (2 bytes)
Event: 100.455 Thread 0x000002daf6ecf000 nmethod 22588 0x000002dae7a88910 code [0x000002dae7a88ac0, 0x000002dae7a88b78]
Event: 100.455 Thread 0x000002daf6ecf000 22303       1       com.android.tools.r8.r.o.y::r (2 bytes)
Event: 100.455 Thread 0x000002daf6ecf000 nmethod 22303 0x000002dae7a88610 code [0x000002dae7a887c0, 0x000002dae7a88878]
Event: 100.455 Thread 0x000002daf6ecf000 22501       1       com.android.tools.r8.v.b.q1::U1 (4 bytes)
Event: 100.455 Thread 0x000002daf6ecf000 nmethod 22501 0x000002dae7a88310 code [0x000002dae7a884c0, 0x000002dae7a88578]

GC Heap History (20 events):
Event: 99.337 GC heap before
{Heap before GC invocations=73 (full 0):
 garbage-first heap   total 288768K, used 237048K [0x0000000080000000, 0x0000000100000000)
  region size 1024K, 57 young (58368K), 6 survivors (6144K)
 Metaspace       used 136403K, capacity 140564K, committed 142540K, reserved 1173504K
  class space    used 17214K, capacity 18925K, committed 18944K, reserved 1048576K
}
Event: 99.375 GC heap after
{Heap after GC invocations=74 (full 0):
 garbage-first heap   total 288768K, used 188767K [0x0000000080000000, 0x0000000100000000)
  region size 1024K, 6 young (6144K), 6 survivors (6144K)
 Metaspace       used 136403K, capacity 140564K, committed 142540K, reserved 1173504K
  class space    used 17214K, capacity 18925K, committed 18944K, reserved 1048576K
}
Event: 99.699 GC heap before
{Heap before GC invocations=74 (full 0):
 garbage-first heap   total 288768K, used 237919K [0x0000000080000000, 0x0000000100000000)
  region size 1024K, 55 young (56320K), 6 survivors (6144K)
 Metaspace       used 137362K, capacity 141564K, committed 142540K, reserved 1173504K
  class space    used 17220K, capacity 18925K, committed 18944K, reserved 1048576K
}
Event: 99.726 GC heap after
{Heap after GC invocations=75 (full 0):
 garbage-first heap   total 288768K, used 198831K [0x0000000080000000, 0x0000000100000000)
  region size 1024K, 7 young (7168K), 7 survivors (7168K)
 Metaspace       used 137362K, capacity 141564K, committed 142540K, reserved 1173504K
  class space    used 17220K, capacity 18925K, committed 18944K, reserved 1048576K
}
Event: 99.837 GC heap before
{Heap before GC invocations=75 (full 0):
 garbage-first heap   total 288768K, used 239791K [0x0000000080000000, 0x0000000100000000)
  region size 1024K, 48 young (49152K), 7 survivors (7168K)
 Metaspace       used 137571K, capacity 141776K, committed 142540K, reserved 1173504K
  class space    used 17223K, capacity 18927K, committed 18944K, reserved 1048576K
}
Event: 99.845 GC heap after
{Heap after GC invocations=76 (full 0):
 garbage-first heap   total 288768K, used 203776K [0x0000000080000000, 0x0000000100000000)
  region size 1024K, 6 young (6144K), 6 survivors (6144K)
 Metaspace       used 137571K, capacity 141776K, committed 142540K, reserved 1173504K
  class space    used 17223K, capacity 18927K, committed 18944K, reserved 1048576K
}
Event: 99.878 GC heap before
{Heap before GC invocations=76 (full 0):
 garbage-first heap   total 288768K, used 240640K [0x0000000080000000, 0x0000000100000000)
  region size 1024K, 43 young (44032K), 6 survivors (6144K)
 Metaspace       used 137609K, capacity 141780K, committed 142540K, reserved 1173504K
  class space    used 17223K, capacity 18927K, committed 18944K, reserved 1048576K
}
Event: 99.886 GC heap after
{Heap after GC invocations=77 (full 0):
 garbage-first heap   total 288768K, used 210944K [0x0000000080000000, 0x0000000100000000)
  region size 1024K, 6 young (6144K), 6 survivors (6144K)
 Metaspace       used 137609K, capacity 141780K, committed 142540K, reserved 1173504K
  class space    used 17223K, capacity 18927K, committed 18944K, reserved 1048576K
}
Event: 99.927 GC heap before
{Heap before GC invocations=77 (full 0):
 garbage-first heap   total 288768K, used 242688K [0x0000000080000000, 0x0000000100000000)
  region size 1024K, 38 young (38912K), 6 survivors (6144K)
 Metaspace       used 137622K, capacity 141793K, committed 142540K, reserved 1173504K
  class space    used 17225K, capacity 18931K, committed 18944K, reserved 1048576K
}
Event: 99.934 GC heap after
{Heap after GC invocations=78 (full 0):
 garbage-first heap   total 288768K, used 217336K [0x0000000080000000, 0x0000000100000000)
  region size 1024K, 5 young (5120K), 5 survivors (5120K)
 Metaspace       used 137622K, capacity 141793K, committed 142540K, reserved 1173504K
  class space    used 17225K, capacity 18931K, committed 18944K, reserved 1048576K
}
Event: 99.972 GC heap before
{Heap before GC invocations=78 (full 0):
 garbage-first heap   total 288768K, used 243960K [0x0000000080000000, 0x0000000100000000)
  region size 1024K, 32 young (32768K), 5 survivors (5120K)
 Metaspace       used 137644K, capacity 141798K, committed 142540K, reserved 1173504K
  class space    used 17228K, capacity 18932K, committed 18944K, reserved 1048576K
}
Event: 99.981 GC heap after
{Heap after GC invocations=79 (full 0):
 garbage-first heap   total 288768K, used 221736K [0x0000000080000000, 0x0000000100000000)
  region size 1024K, 4 young (4096K), 4 survivors (4096K)
 Metaspace       used 137644K, capacity 141798K, committed 142540K, reserved 1173504K
  class space    used 17228K, capacity 18932K, committed 18944K, reserved 1048576K
}
Event: 100.070 GC heap before
{Heap before GC invocations=79 (full 0):
 garbage-first heap   total 288768K, used 246312K [0x0000000080000000, 0x0000000100000000)
  region size 1024K, 29 young (29696K), 4 survivors (4096K)
 Metaspace       used 137732K, capacity 141895K, committed 142540K, reserved 1173504K
  class space    used 17241K, capacity 18943K, committed 18944K, reserved 1048576K
}
Event: 100.075 GC heap after
{Heap after GC invocations=80 (full 0):
 garbage-first heap   total 288768K, used 223081K [0x0000000080000000, 0x0000000100000000)
  region size 1024K, 3 young (3072K), 3 survivors (3072K)
 Metaspace       used 137732K, capacity 141895K, committed 142540K, reserved 1173504K
  class space    used 17241K, capacity 18943K, committed 18944K, reserved 1048576K
}
Event: 100.176 GC heap before
{Heap before GC invocations=80 (full 0):
 garbage-first heap   total 288768K, used 241513K [0x0000000080000000, 0x0000000100000000)
  region size 1024K, 27 young (27648K), 3 survivors (3072K)
 Metaspace       used 136218K, capacity 139622K, committed 142540K, reserved 1173504K
  class space    used 16692K, capacity 17946K, committed 18944K, reserved 1048576K
}
Event: 100.180 GC heap after
{Heap after GC invocations=81 (full 0):
 garbage-first heap   total 288768K, used 219383K [0x0000000080000000, 0x0000000100000000)
  region size 1024K, 4 young (4096K), 4 survivors (4096K)
 Metaspace       used 136218K, capacity 139622K, committed 142540K, reserved 1173504K
  class space    used 16692K, capacity 17946K, committed 18944K, reserved 1048576K
}
Event: 100.215 GC heap before
{Heap before GC invocations=82 (full 0):
 garbage-first heap   total 288768K, used 246007K [0x0000000080000000, 0x0000000100000000)
  region size 1024K, 31 young (31744K), 4 survivors (4096K)
 Metaspace       used 136269K, capacity 139626K, committed 142540K, reserved 1173504K
  class space    used 16694K, capacity 17948K, committed 18944K, reserved 1048576K
}
Event: 100.221 GC heap after
{Heap after GC invocations=83 (full 0):
 garbage-first heap   total 347136K, used 222314K [0x0000000080000000, 0x0000000100000000)
  region size 1024K, 4 young (4096K), 4 survivors (4096K)
 Metaspace       used 136269K, capacity 139626K, committed 142540K, reserved 1173504K
  class space    used 16694K, capacity 17948K, committed 18944K, reserved 1048576K
}
Event: 100.232 GC heap before
{Heap before GC invocations=83 (full 0):
 garbage-first heap   total 347136K, used 234602K [0x0000000080000000, 0x0000000100000000)
  region size 1024K, 16 young (16384K), 4 survivors (4096K)
 Metaspace       used 136279K, capacity 139643K, committed 142540K, reserved 1173504K
  class space    used 16697K, capacity 17953K, committed 18944K, reserved 1048576K
}
Event: 100.244 GC heap after
{Heap after GC invocations=84 (full 0):
 garbage-first heap   total 347136K, used 204933K [0x0000000080000000, 0x0000000100000000)
  region size 1024K, 2 young (2048K), 2 survivors (2048K)
 Metaspace       used 136279K, capacity 139643K, committed 142540K, reserved 1173504K
  class space    used 16697K, capacity 17953K, committed 18944K, reserved 1048576K
}

Deoptimization events (20 events):
Event: 100.198 Thread 0x000002dafdaf5800 Uncommon trap: trap_request=0xffffff4d fr.pc=0x000002dae7aa24e8 relative=0x0000000000003588
Event: 100.198 Thread 0x000002dafdaf5800 Uncommon trap: reason=unstable_if action=reinterpret pc=0x000002dae7aa24e8 method=com.android.tools.r8.ir.conversion.o.d(I)Lcom/android/tools/r8/v/b/b1; @ 3 c2
Event: 100.198 Thread 0x000002dafdaf5800 DEOPT PACKING pc=0x000002dae7aa24e8 sp=0x000000e3778fa370
Event: 100.198 Thread 0x000002dafdaf5800 DEOPT UNPACKING pc=0x000002dadf9474af sp=0x000000e3778fa3a8 mode 2
Event: 100.204 Thread 0x000002dafdafe800 Uncommon trap: trap_request=0xffffffd6 fr.pc=0x000002dae7a8dde0 relative=0x0000000000002220
Event: 100.204 Thread 0x000002dafdafe800 Uncommon trap: reason=array_check action=maybe_recompile pc=0x000002dae7a8dde0 method=java.util.TimSort.reverseRange([Ljava/lang/Object;II)V @ 27 c2
Event: 100.204 Thread 0x000002dafdafe800 DEOPT PACKING pc=0x000002dae7a8dde0 sp=0x000000e377afb0c0
Event: 100.204 Thread 0x000002dafdafe800 DEOPT UNPACKING pc=0x000002dadf9474af sp=0x000000e377afaf50 mode 2
Event: 100.204 Thread 0x000002dafdafe800 Uncommon trap: trap_request=0xffffffd6 fr.pc=0x000002dae7a8dde0 relative=0x0000000000002220
Event: 100.204 Thread 0x000002dafdafe800 Uncommon trap: reason=array_check action=maybe_recompile pc=0x000002dae7a8dde0 method=java.util.TimSort.reverseRange([Ljava/lang/Object;II)V @ 27 c2
Event: 100.204 Thread 0x000002dafdafe800 DEOPT PACKING pc=0x000002dae7a8dde0 sp=0x000000e377afb130
Event: 100.204 Thread 0x000002dafdafe800 DEOPT UNPACKING pc=0x000002dadf9474af sp=0x000000e377afafc0 mode 2
Event: 100.204 Thread 0x000002dafdafe800 Uncommon trap: trap_request=0xffffffd6 fr.pc=0x000002dae7a76c9c relative=0x000000000000055c
Event: 100.204 Thread 0x000002dafdafe800 Uncommon trap: reason=array_check action=maybe_recompile pc=0x000002dae7a76c9c method=java.util.TimSort.reverseRange([Ljava/lang/Object;II)V @ 27 c2
Event: 100.204 Thread 0x000002dafdafe800 DEOPT PACKING pc=0x000002dae7a76c9c sp=0x000000e377afafe0
Event: 100.204 Thread 0x000002dafdafe800 DEOPT UNPACKING pc=0x000002dadf9474af sp=0x000000e377afaf10 mode 2
Event: 100.254 Thread 0x000002dafdaf9000 DEOPT PACKING pc=0x000002dae181d6fc sp=0x000000e3772fcc20
Event: 100.254 Thread 0x000002dafdaf9000 DEOPT UNPACKING pc=0x000002dadf9472ce sp=0x000000e3772fc150 mode 0
Event: 100.254 Thread 0x000002dafdaf9000 DEOPT PACKING pc=0x000002dae1820a9c sp=0x000000e3772fcd10
Event: 100.254 Thread 0x000002dafdaf9000 DEOPT UNPACKING pc=0x000002dadf9472ce sp=0x000000e3772fc198 mode 0

Classes redefined (0 events):
No events

Internal exceptions (20 events):
Event: 98.865 Thread 0x000002dafdaf9000 Exception <a 'java/lang/NoSuchMethodError'{0x00000000917a3998}: 'int java.lang.invoke.DirectMethodHandle$Holder.invokeInterface(java.lang.Object, java.lang.Object, int)'> (0x00000000917a3998) thrown at [./src/hotspot/share/interpreter/linkResolver.cpp, line 773]
Event: 99.133 Thread 0x000002dafdaff800 Exception <a 'sun/nio/fs/WindowsException'{0x0000000090b04850}> (0x0000000090b04850) thrown at [./src/hotspot/share/prims/jni.cpp, line 615]
Event: 99.136 Thread 0x000002dafdaf4000 Exception <a 'sun/nio/fs/WindowsException'{0x00000000915dfed0}> (0x00000000915dfed0) thrown at [./src/hotspot/share/prims/jni.cpp, line 615]
Event: 99.162 Thread 0x000002dafdafb800 Exception <a 'sun/nio/fs/WindowsException'{0x00000000919f04c8}> (0x00000000919f04c8) thrown at [./src/hotspot/share/prims/jni.cpp, line 615]
Event: 99.231 Thread 0x000002dafdb00800 Exception <a 'sun/nio/fs/WindowsException'{0x000000009187d238}> (0x000000009187d238) thrown at [./src/hotspot/share/prims/jni.cpp, line 615]
Event: 99.381 Thread 0x000002dafdafe800 Exception <a 'sun/nio/fs/WindowsException'{0x0000000091925808}> (0x0000000091925808) thrown at [./src/hotspot/share/prims/jni.cpp, line 615]
Event: 99.488 Thread 0x000002dafdaff800 Exception <a 'sun/nio/fs/WindowsException'{0x00000000905d2708}> (0x00000000905d2708) thrown at [./src/hotspot/share/prims/jni.cpp, line 615]
Event: 99.823 Thread 0x000002dafdafa800 Exception <a 'sun/nio/fs/WindowsException'{0x0000000090205638}> (0x0000000090205638) thrown at [./src/hotspot/share/prims/jni.cpp, line 615]
Event: 99.828 Thread 0x000002dafdaf4000 Exception <a 'sun/nio/fs/WindowsException'{0x000000008fce9ca0}> (0x000000008fce9ca0) thrown at [./src/hotspot/share/prims/jni.cpp, line 615]
Event: 99.877 Thread 0x000002dafdafe800 Exception <a 'sun/nio/fs/WindowsException'{0x000000008f5afcf8}> (0x000000008f5afcf8) thrown at [./src/hotspot/share/prims/jni.cpp, line 615]
Event: 99.895 Thread 0x000002dafdafb800 Exception <a 'sun/nio/fs/WindowsException'{0x00000000912ee798}> (0x00000000912ee798) thrown at [./src/hotspot/share/prims/jni.cpp, line 615]
Event: 99.922 Thread 0x000002dafdb00800 Exception <a 'sun/nio/fs/WindowsException'{0x000000008fd30dd8}> (0x000000008fd30dd8) thrown at [./src/hotspot/share/prims/jni.cpp, line 615]
Event: 99.957 Thread 0x000002dafdb00800 Exception <a 'sun/nio/fs/WindowsException'{0x00000000908cac90}> (0x00000000908cac90) thrown at [./src/hotspot/share/prims/jni.cpp, line 615]
Event: 99.997 Thread 0x000002dafdaf9000 Exception <a 'java/lang/NoSuchMethodError'{0x00000000916ed600}: 'void java.lang.invoke.DirectMethodHandle$Holder.invokeStatic(java.lang.Object, int, java.lang.Object)'> (0x00000000916ed600) thrown at [./src/hotspot/share/interpreter/linkResolver.cpp, line 773]
Event: 100.151 Thread 0x000002dafdafb800 Exception <a 'sun/nio/fs/WindowsException'{0x00000000912ff068}> (0x00000000912ff068) thrown at [./src/hotspot/share/prims/jni.cpp, line 615]
Event: 100.165 Thread 0x000002dafdaf9000 Exception <a 'sun/nio/fs/WindowsException'{0x0000000090f68c30}> (0x0000000090f68c30) thrown at [./src/hotspot/share/prims/jni.cpp, line 615]
Event: 100.208 Thread 0x000002dafdafa800 Exception <a 'sun/nio/fs/WindowsException'{0x000000009040e448}> (0x000000009040e448) thrown at [./src/hotspot/share/prims/jni.cpp, line 615]
Event: 100.223 Thread 0x000002dafdafa000 Exception <a 'sun/nio/fs/WindowsException'{0x000000009515b470}> (0x000000009515b470) thrown at [./src/hotspot/share/prims/jni.cpp, line 615]
Event: 100.248 Thread 0x000002dafdafe800 Exception <a 'sun/nio/fs/WindowsException'{0x00000000952627a0}> (0x00000000952627a0) thrown at [./src/hotspot/share/prims/jni.cpp, line 615]
Event: 100.358 Thread 0x000002dafdafb800 Exception <a 'sun/nio/fs/WindowsException'{0x00000000933d13a0}> (0x00000000933d13a0) thrown at [./src/hotspot/share/prims/jni.cpp, line 615]

Events (20 events):
Event: 100.229 loading class com/android/tools/r8/graph/S$j
Event: 100.229 loading class com/android/tools/r8/graph/S$j done
Event: 100.229 loading class com/android/tools/r8/graph/r0
Event: 100.229 loading class com/android/tools/r8/graph/r0 done
Event: 100.229 loading class com/android/tools/r8/graph/r0
Event: 100.229 loading class com/android/tools/r8/graph/r0 done
Event: 100.229 loading class com/android/tools/r8/graph/S$j
Event: 100.229 loading class com/android/tools/r8/graph/S$j done
Event: 100.232 Executing VM operation: G1CollectForAllocation
Event: 100.244 Executing VM operation: G1CollectForAllocation done
Event: 100.250 loading class com/android/tools/r8/code/x3
Event: 100.250 loading class com/android/tools/r8/code/x3 done
Event: 100.251 loading class com/android/tools/r8/code/z3
Event: 100.251 loading class com/android/tools/r8/code/z3 done
Event: 100.251 loading class com/android/tools/r8/code/A3
Event: 100.251 loading class com/android/tools/r8/code/A3 done
Event: 100.251 loading class com/android/tools/r8/code/B3
Event: 100.251 loading class com/android/tools/r8/code/B3 done
Event: 100.254 loading class com/android/tools/r8/code/y3
Event: 100.254 loading class com/android/tools/r8/code/y3 done


Dynamic libraries:
0x00007ff6eb0c0000 - 0x00007ff6eb0ca000 	E:\program files\Android\Android Studio\jre\bin\java.exe
0x00007fff302f0000 - 0x00007fff304e5000 	C:\WINDOWS\SYSTEM32\ntdll.dll
0x00007fff2f320000 - 0x00007fff2f3dd000 	C:\WINDOWS\System32\KERNEL32.DLL
0x00007fff2dd70000 - 0x00007fff2e038000 	C:\WINDOWS\System32\KERNELBASE.dll
0x00007fff2da60000 - 0x00007fff2db60000 	C:\WINDOWS\System32\ucrtbase.dll
0x00007fff22160000 - 0x00007fff22177000 	E:\program files\Android\Android Studio\jre\bin\VCRUNTIME140.dll
0x00007fff25f40000 - 0x00007fff25f59000 	E:\program files\Android\Android Studio\jre\bin\jli.dll
0x00007fff2e4f0000 - 0x00007fff2e690000 	C:\WINDOWS\System32\USER32.dll
0x00007fff2ce50000 - 0x00007fff2d0ea000 	C:\WINDOWS\WinSxS\amd64_microsoft.windows.common-controls_6595b64144ccf1df_6.0.19041.1052_none_60b8f8fd71f5e8cb\COMCTL32.dll
0x00007fff2e330000 - 0x00007fff2e352000 	C:\WINDOWS\System32\win32u.dll
0x00007fff2e9e0000 - 0x00007fff2ea7e000 	C:\WINDOWS\System32\msvcrt.dll
0x00007fff2f750000 - 0x00007fff2f77a000 	C:\WINDOWS\System32\GDI32.dll
0x00007fff2e220000 - 0x00007fff2e32b000 	C:\WINDOWS\System32\gdi32full.dll
0x00007fff2e120000 - 0x00007fff2e1bd000 	C:\WINDOWS\System32\msvcp_win.dll
0x00007fff2fb40000 - 0x00007fff2fb70000 	C:\WINDOWS\System32\IMM32.DLL
0x00007ffefb340000 - 0x00007ffefb3dd000 	E:\program files\Android\Android Studio\jre\bin\msvcp140.dll
0x00007ffed8da0000 - 0x00007ffed985c000 	E:\program files\Android\Android Studio\jre\bin\server\jvm.dll
0x00007fff2e8d0000 - 0x00007fff2e97c000 	C:\WINDOWS\System32\ADVAPI32.dll
0x00007fff2f980000 - 0x00007fff2fa1b000 	C:\WINDOWS\System32\sechost.dll
0x00007fff2e360000 - 0x00007fff2e48b000 	C:\WINDOWS\System32\RPCRT4.dll
0x00007fff2eea0000 - 0x00007fff2eea8000 	C:\WINDOWS\System32\PSAPI.DLL
0x00007fff25f80000 - 0x00007fff25f89000 	C:\WINDOWS\SYSTEM32\WSOCK32.dll
0x00007fff24ae0000 - 0x00007fff24b07000 	C:\WINDOWS\SYSTEM32\WINMM.dll
0x00007fff26030000 - 0x00007fff2603a000 	C:\WINDOWS\SYSTEM32\VERSION.dll
0x00007fff2ec10000 - 0x00007fff2ec7b000 	C:\WINDOWS\System32\WS2_32.dll
0x00007fff2b350000 - 0x00007fff2b362000 	C:\WINDOWS\SYSTEM32\kernel.appcore.dll
0x00007fff25f60000 - 0x00007fff25f71000 	E:\program files\Android\Android Studio\jre\bin\verify.dll
0x00007fff2d460000 - 0x00007fff2d644000 	C:\WINDOWS\SYSTEM32\DBGHELP.DLL
0x00007fff2d210000 - 0x00007fff2d23c000 	C:\WINDOWS\SYSTEM32\dbgcore.DLL
0x00007fff2e090000 - 0x00007fff2e113000 	C:\WINDOWS\System32\bcryptPrimitives.dll
0x00007fff24d10000 - 0x00007fff24d39000 	E:\program files\Android\Android Studio\jre\bin\java.dll
0x00007fff24c90000 - 0x00007fff24c9b000 	E:\program files\Android\Android Studio\jre\bin\jimage.dll
0x00007fff223e0000 - 0x00007fff223f8000 	E:\program files\Android\Android Studio\jre\bin\zip.dll
0x00007fff2fb70000 - 0x00007fff302af000 	C:\WINDOWS\System32\SHELL32.dll
0x00007fff2b550000 - 0x00007fff2bce0000 	C:\WINDOWS\SYSTEM32\windows.storage.dll
0x00007fff2f3e0000 - 0x00007fff2f735000 	C:\WINDOWS\System32\combase.dll
0x00007fff2cdb0000 - 0x00007fff2cddc000 	C:\WINDOWS\SYSTEM32\Wldp.dll
0x00007fff2ec80000 - 0x00007fff2ed2e000 	C:\WINDOWS\System32\SHCORE.dll
0x00007fff2f850000 - 0x00007fff2f8a5000 	C:\WINDOWS\System32\shlwapi.dll
0x00007fff2d970000 - 0x00007fff2d98f000 	C:\WINDOWS\SYSTEM32\profapi.dll
0x00007fff221f0000 - 0x00007fff2220a000 	E:\program files\Android\Android Studio\jre\bin\net.dll
0x00007fff24b40000 - 0x00007fff24c4b000 	C:\WINDOWS\SYSTEM32\WINHTTP.dll
0x00007fff2caa0000 - 0x00007fff2cb0a000 	C:\WINDOWS\system32\mswsock.dll
0x00007fff221d0000 - 0x00007fff221e4000 	E:\program files\Android\Android Studio\jre\bin\nio.dll
0x00007fff22a30000 - 0x00007fff22a57000 	C:\Users\User\.gradle\native\fdc75f09e3144964f2cf3f50f0aa648679c211496f362492102eb8c894070792\windows-amd64\native-platform.dll
0x00007ffee0810000 - 0x00007ffee09a6000 	C:\Users\User\.gradle\native\12488b8bf47d2d4c9fbf2f6322a914ad602e24e48041cd04a747c6da556b65c4\windows-amd64\native-platform-file-events.dll
0x00007fff24c80000 - 0x00007fff24c8a000 	E:\program files\Android\Android Studio\jre\bin\management.dll
0x00007fff24c50000 - 0x00007fff24c5c000 	E:\program files\Android\Android Studio\jre\bin\management_ext.dll
0x00007fff2d7c0000 - 0x00007fff2d7d8000 	C:\WINDOWS\SYSTEM32\CRYPTSP.dll
0x00007fff2c4e0000 - 0x00007fff2c514000 	C:\WINDOWS\system32\rsaenh.dll
0x00007fff2da30000 - 0x00007fff2da57000 	C:\WINDOWS\System32\bcrypt.dll
0x00007fff2d930000 - 0x00007fff2d95e000 	C:\WINDOWS\SYSTEM32\USERENV.dll
0x00007fff2ccd0000 - 0x00007fff2ccdc000 	C:\WINDOWS\SYSTEM32\CRYPTBASE.dll
0x00007fff2c810000 - 0x00007fff2c84b000 	C:\WINDOWS\SYSTEM32\IPHLPAPI.DLL
0x00007fff2ee90000 - 0x00007fff2ee98000 	C:\WINDOWS\System32\NSI.dll
0x00007fff27550000 - 0x00007fff27567000 	C:\WINDOWS\SYSTEM32\dhcpcsvc6.DLL
0x00007fff27530000 - 0x00007fff2754d000 	C:\WINDOWS\SYSTEM32\dhcpcsvc.DLL
0x00007fff2c850000 - 0x00007fff2c91c000 	C:\WINDOWS\SYSTEM32\DNSAPI.dll
0x00007fff27640000 - 0x00007fff2764b000 	C:\WINDOWS\SYSTEM32\WINNSI.DLL
0x00007ffee09b0000 - 0x00007ffee0b52000 	E:\program files\Android\Android Studio\jre\bin\awt.dll
0x00007fff2f8b0000 - 0x00007fff2f97d000 	C:\WINDOWS\System32\OLEAUT32.dll
0x00007fff2b140000 - 0x00007fff2b16f000 	C:\WINDOWS\SYSTEM32\dwmapi.dll
0x00007fff2ad90000 - 0x00007fff2ae20000 	C:\WINDOWS\SYSTEM32\apphelp.dll
0x00007fff2aed0000 - 0x00007fff2af6e000 	C:\WINDOWS\system32\uxtheme.dll
0x00007fff258a0000 - 0x00007fff258be000 	C:\Users\User\AppData\Local\Temp\native-platform13802276016771695293dir\native-platform.dll
0x00007fff2d440000 - 0x00007fff2d448000 	E:\program files\Android\Android Studio\jre\bin\rmi.dll
0x00007fff24d80000 - 0x00007fff24da7000 	E:\program files\Android\Android Studio\jre\bin\sunec.dll
0x00007fff24810000 - 0x00007fff2481a000 	C:\Windows\System32\rasadhlp.dll
0x00007fff240d0000 - 0x00007fff2414f000 	C:\WINDOWS\System32\fwpuclnt.dll

dbghelp: loaded successfully - version: 4.0.5 - missing functions: none
symbol engine: initialized successfully - sym options: 0x614 - pdb path: .;E:\program files\Android\Android Studio\jre\bin;C:\WINDOWS\SYSTEM32;C:\WINDOWS\WinSxS\amd64_microsoft.windows.common-controls_6595b64144ccf1df_6.0.19041.1052_none_60b8f8fd71f5e8cb;E:\program files\Android\Android Studio\jre\bin\server;C:\Users\User\.gradle\native\fdc75f09e3144964f2cf3f50f0aa648679c211496f362492102eb8c894070792\windows-amd64;C:\Users\User\.gradle\native\12488b8bf47d2d4c9fbf2f6322a914ad602e24e48041cd04a747c6da556b65c4\windows-amd64;C:\Users\User\AppData\Local\Temp\native-platform13802276016771695293dir

VM Arguments:
jvm_args: --add-opens=java.base/java.util=ALL-UNNAMED --add-opens=java.base/java.lang=ALL-UNNAMED --add-opens=java.base/java.lang.invoke=ALL-UNNAMED --add-opens=java.prefs/java.util.prefs=ALL-UNNAMED -Xmx2048m -Dfile.encoding=UTF-8 -Duser.country=US -Duser.language=en -Duser.variant 
java_command: org.gradle.launcher.daemon.bootstrap.GradleDaemon 6.7.1
java_class_path (initial): C:\Users\User\.gradle\wrapper\dists\gradle-6.7.1-bin\bwlcbys1h7rz3272sye1xwiv6\gradle-6.7.1\lib\gradle-launcher-6.7.1.jar
Launcher Type: SUN_STANDARD

[Global flags]
     intx CICompilerCount                          = 4                                         {product} {ergonomic}
     uint ConcGCThreads                            = 3                                         {product} {ergonomic}
     uint G1ConcRefinementThreads                  = 10                                        {product} {ergonomic}
   size_t G1HeapRegionSize                         = 1048576                                   {product} {ergonomic}
    uintx GCDrainStackTargetSize                   = 64                                        {product} {ergonomic}
   size_t InitialHeapSize                          = 134217728                                 {product} {ergonomic}
   size_t MarkStackSize                            = 4194304                                   {product} {ergonomic}
   size_t MaxHeapSize                              = 2147483648                                {product} {command line}
   size_t MaxNewSize                               = 1287651328                                {product} {ergonomic}
   size_t MinHeapDeltaBytes                        = 1048576                                   {product} {ergonomic}
    uintx NonNMethodCodeHeapSize                   = 5836300                                {pd product} {ergonomic}
    uintx NonProfiledCodeHeapSize                  = 122910970                              {pd product} {ergonomic}
    uintx ProfiledCodeHeapSize                     = 122910970                              {pd product} {ergonomic}
    uintx ReservedCodeCacheSize                    = 251658240                              {pd product} {ergonomic}
     bool SegmentedCodeCache                       = true                                      {product} {ergonomic}
     bool UseCompressedClassPointers               = true                                 {lp64_product} {ergonomic}
     bool UseCompressedOops                        = true                                 {lp64_product} {ergonomic}
     bool UseG1GC                                  = true                                      {product} {ergonomic}
     bool UseLargePagesIndividualAllocation        = false                                  {pd product} {ergonomic}

Logging:
Log output configuration:
 #0: stdout all=warning uptime,level,tags
 #1: stderr all=off uptime,level,tags

Environment Variables:
JAVA_HOME=C:\Program Files\Java\jdk-14.0.1
PATH=C:\Python39\Scripts\;C:\Python39\;C:\Windows\system32;C:\Windows;C:\Windows\System32\Wbem;C:\Windows\System32\WindowsPowerShell\v1.0\;C:\Windows\System32\OpenSSH\;C:\Program Files\Java\jdk-14.0.1\bin;C:\Program Files\Git\cmd;C:\Program Files\NVIDIA Corporation\NVIDIA NvDLISR;C:\Program Files (x86)\NVIDIA Corporation\PhysX\Common;C:\WINDOWS\system32;C:\WINDOWS;C:\WINDOWS\System32\Wbem;C:\WINDOWS\System32\WindowsPowerShell\v1.0\;C:\WINDOWS\System32\OpenSSH\;E:\program files\xampp\php;C:\composer;C:\Program Files\nodejs\;C:\ProgramData\chocolatey\bin;E:\program files\Python\Scripts\;E:\program files\Python\;E:\program files\Scripts\;E:\program files\;C:\Users\User\AppData\Local\Microsoft\WindowsApps;E:\program files\Microsoft VS Code\bin;E:\program files\xampp\php;C:\Users\User\AppData\Roaming\Composer\vendor\bin;C:\Users\User\AppData\Roaming\npm
USERNAME=User
OS=Windows_NT
PROCESSOR_IDENTIFIER=AMD64 Family 23 Model 113 Stepping 0, AuthenticAMD



---------------  S Y S T E M  ---------------

OS: Windows 10 , 64 bit Build 19041 (10.0.19041.1023)
OS uptime: 1 days 14:34 hours

CPU:total 12 (initial active 12) (12 cores per cpu, 2 threads per core) family 23 model 113 stepping 0, cmov, cx8, fxsr, mmx, sse, sse2, sse3, ssse3, sse4.1, sse4.2, popcnt, avx, avx2, aes, clmul, mmxext, 3dnowpref, lzcnt, sse4a, ht, tsc, tscinvbit, tscinv, bmi1, bmi2, adx, sha, fma

Memory: 4k page, system-wide physical 8141M (433M free)
TotalPageFile size 20429M (AvailPageFile size 6M)
current process WorkingSet (physical memory assigned to process): 523M, peak: 613M
current process commit charge ("private bytes"): 795M, peak: 1473M

vm_info: OpenJDK 64-Bit Server VM (11.0.8+10-b944.6842174) for windows-amd64 JRE (11.0.8+10-b944.6842174), built on Sep 19 2020 01:11:42 by "builder" with MS VC++ 14.0 (VS2015)

END.
